{"/Users/nguyendangkhoa/kim-ngan-phat/tappy-pos/mobile/src/components/ClearableInput.tsx": {"path":"/Users/nguyendangkhoa/kim-ngan-phat/tappy-pos/mobile/src/components/ClearableInput.tsx","statementMap":{"0":{"start":{"line":10,"column":30},"end":{"line":30,"column":1}},"1":{"start":{"line":12,"column":4},"end":{"line":28,"column":11}},"2":{"start":{"line":32,"column":0},"end":{"line":32,"column":46}}},"fnMap":{"0":{"name":"(anonymous_0)","decl":{"start":{"line":11,"column":2},"end":{"line":11,"column":3}},"loc":{"start":{"line":12,"column":4},"end":{"line":28,"column":11}},"line":12},"1":{"name":"(anonymous_1)","decl":{"start":{"line":22,"column":31},"end":{"line":22,"column":32}},"loc":{"start":{"line":22,"column":37},"end":{"line":22,"column":39}},"line":22}},"branchMap":{"0":{"loc":{"start":{"line":20,"column":7},"end":{"line":27,"column":7}},"type":"binary-expr","locations":[{"start":{"line":20,"column":7},"end":{"line":20,"column":23}},{"start":{"line":21,"column":8},"end":{"line":26,"column":27}}],"line":20},"1":{"loc":{"start":{"line":22,"column":19},"end":{"line":22,"column":40}},"type":"binary-expr","locations":[{"start":{"line":22,"column":19},"end":{"line":22,"column":26}},{"start":{"line":22,"column":31},"end":{"line":22,"column":39}}],"line":22}},"s":{"0":2,"1":12,"2":2},"f":{"0":12,"1":0},"b":{"0":[12,8],"1":[8,2]},"_coverageSchema":"1a1c01bbd47fc00a2c39e90264f33305004495a9","hash":"5f906e8df67ec47941001a1d534c19aeba07ba94"}
,"/Users/nguyendangkhoa/kim-ngan-phat/tappy-pos/mobile/src/components/DayPickerModal.tsx": {"path":"/Users/nguyendangkhoa/kim-ngan-phat/tappy-pos/mobile/src/components/DayPickerModal.tsx","statementMap":{"0":{"start":{"line":3,"column":20},"end":{"line":3,"column":63}},"1":{"start":{"line":3,"column":57},"end":{"line":3,"column":62}},"2":{"start":{"line":16,"column":2},"end":{"line":56,"column":4}},"3":{"start":{"line":29,"column":33},"end":{"line":29,"column":57}},"4":{"start":{"line":30,"column":14},"end":{"line":42,"column":16}},"5":{"start":{"line":33,"column":35},"end":{"line":33,"column":57}},"6":{"start":{"line":33,"column":58},"end":{"line":33,"column":68}},"7":{"start":{"line":47,"column":31},"end":{"line":47,"column":44}},"8":{"start":{"line":47,"column":45},"end":{"line":47,"column":55}}},"fnMap":{"0":{"name":"(anonymous_0)","decl":{"start":{"line":3,"column":47},"end":{"line":3,"column":48}},"loc":{"start":{"line":3,"column":57},"end":{"line":3,"column":62}},"line":3},"1":{"name":"DayPickerModal","decl":{"start":{"line":15,"column":16},"end":{"line":15,"column":30}},"loc":{"start":{"line":15,"column":109},"end":{"line":57,"column":1}},"line":15},"2":{"name":"(anonymous_2)","decl":{"start":{"line":28,"column":29},"end":{"line":28,"column":30}},"loc":{"start":{"line":28,"column":38},"end":{"line":43,"column":13}},"line":28},"3":{"name":"(anonymous_3)","decl":{"start":{"line":33,"column":27},"end":{"line":33,"column":28}},"loc":{"start":{"line":33,"column":33},"end":{"line":33,"column":70}},"line":33},"4":{"name":"(anonymous_4)","decl":{"start":{"line":47,"column":23},"end":{"line":47,"column":24}},"loc":{"start":{"line":47,"column":29},"end":{"line":47,"column":57}},"line":47}},"branchMap":{"0":{"loc":{"start":{"line":22,"column":11},"end":{"line":26,"column":11}},"type":"cond-expr","locations":[{"start":{"line":23,"column":12},"end":{"line":23,"column":93}},{"start":{"line":25,"column":12},"end":{"line":25,"column":37}}],"line":22},"1":{"loc":{"start":{"line":35,"column":20},"end":{"line":35,"column":81}},"type":"cond-expr","locations":[{"start":{"line":35,"column":33},"end":{"line":35,"column":48}},{"start":{"line":35,"column":51},"end":{"line":35,"column":81}}],"line":35},"2":{"loc":{"start":{"line":38,"column":60},"end":{"line":38,"column":122}},"type":"cond-expr","locations":[{"start":{"line":38,"column":73},"end":{"line":38,"column":85}},{"start":{"line":38,"column":88},"end":{"line":38,"column":122}}],"line":38},"3":{"loc":{"start":{"line":45,"column":11},"end":{"line":52,"column":11}},"type":"binary-expr","locations":[{"start":{"line":45,"column":11},"end":{"line":45,"column":21}},{"start":{"line":45,"column":25},"end":{"line":45,"column":35}},{"start":{"line":46,"column":12},"end":{"line":51,"column":31}}],"line":45}},"s":{"0":1,"1":31,"2":9,"3":279,"4":279,"5":1,"6":1,"7":1,"8":1},"f":{"0":31,"1":9,"2":279,"3":1,"4":1},"b":{"0":[1,8],"1":[3,276],"2":[3,276],"3":[9,3,2]},"_coverageSchema":"1a1c01bbd47fc00a2c39e90264f33305004495a9","hash":"74e209f86c6cc47b783c099de76df4d8fc639172"}
,"/Users/nguyendangkhoa/kim-ngan-phat/tappy-pos/mobile/src/components/EmptyState.tsx": {"path":"/Users/nguyendangkhoa/kim-ngan-phat/tappy-pos/mobile/src/components/EmptyState.tsx","statementMap":{"0":{"start":{"line":12,"column":2},"end":{"line":28,"column":4}}},"fnMap":{"0":{"name":"EmptyState","decl":{"start":{"line":11,"column":16},"end":{"line":11,"column":26}},"loc":{"start":{"line":11,"column":94},"end":{"line":29,"column":1}},"line":11}},"branchMap":{"0":{"loc":{"start":{"line":11,"column":29},"end":{"line":11,"column":40}},"type":"default-arg","locations":[{"start":{"line":11,"column":36},"end":{"line":11,"column":40}}],"line":11},"1":{"loc":{"start":{"line":16,"column":7},"end":{"line":18,"column":7}},"type":"binary-expr","locations":[{"start":{"line":16,"column":7},"end":{"line":16,"column":18}},{"start":{"line":17,"column":8},"end":{"line":17,"column":85}}],"line":16},"2":{"loc":{"start":{"line":19,"column":7},"end":{"line":26,"column":7}},"type":"binary-expr","locations":[{"start":{"line":19,"column":7},"end":{"line":19,"column":18}},{"start":{"line":19,"column":22},"end":{"line":19,"column":30}},{"start":{"line":20,"column":8},"end":{"line":25,"column":27}}],"line":19}},"s":{"0":8},"f":{"0":8},"b":{"0":[7],"1":[8,1],"2":[8,3,2]},"_coverageSchema":"1a1c01bbd47fc00a2c39e90264f33305004495a9","hash":"446002e6b93191952c16923cd5a23d55d3233327"}
,"/Users/nguyendangkhoa/kim-ngan-phat/tappy-pos/mobile/src/components/ErrorState.tsx": {"path":"/Users/nguyendangkhoa/kim-ngan-phat/tappy-pos/mobile/src/components/ErrorState.tsx","statementMap":{"0":{"start":{"line":10,"column":16},"end":{"line":10,"column":32}},"1":{"start":{"line":11,"column":2},"end":{"line":29,"column":4}}},"fnMap":{"0":{"name":"ErrorState","decl":{"start":{"line":9,"column":16},"end":{"line":9,"column":26}},"loc":{"start":{"line":9,"column":56},"end":{"line":30,"column":1}},"line":9}},"branchMap":{"0":{"loc":{"start":{"line":18,"column":9},"end":{"line":18,"column":45}},"type":"binary-expr","locations":[{"start":{"line":18,"column":9},"end":{"line":18,"column":16}},{"start":{"line":18,"column":20},"end":{"line":18,"column":45}}],"line":18},"1":{"loc":{"start":{"line":20,"column":7},"end":{"line":27,"column":7}},"type":"binary-expr","locations":[{"start":{"line":20,"column":7},"end":{"line":20,"column":14}},{"start":{"line":21,"column":8},"end":{"line":26,"column":27}}],"line":20}},"s":{"0":7,"1":7},"f":{"0":7},"b":{"0":[7,6],"1":[7,2]},"_coverageSchema":"1a1c01bbd47fc00a2c39e90264f33305004495a9","hash":"e7adc739958d2eeb642efb883e42617d8e92bc1d"}
,"/Users/nguyendangkhoa/kim-ngan-phat/tappy-pos/mobile/src/components/FloatingLabelInput.tsx": {"path":"/Users/nguyendangkhoa/kim-ngan-phat/tappy-pos/mobile/src/components/FloatingLabelInput.tsx","statementMap":{"0":{"start":{"line":11,"column":34},"end":{"line":87,"column":1}},"1":{"start":{"line":13,"column":38},"end":{"line":13,"column":53}},"2":{"start":{"line":14,"column":17},"end":{"line":14,"column":66}},"3":{"start":{"line":16,"column":21},"end":{"line":16,"column":50}},"4":{"start":{"line":18,"column":20},"end":{"line":24,"column":5}},"5":{"start":{"line":19,"column":6},"end":{"line":23,"column":17}},"6":{"start":{"line":26,"column":22},"end":{"line":26,"column":86}},"7":{"start":{"line":27,"column":22},"end":{"line":27,"column":85}},"8":{"start":{"line":28,"column":23},"end":{"line":31,"column":6}},"9":{"start":{"line":33,"column":4},"end":{"line":85,"column":6}},"10":{"start":{"line":71,"column":30},"end":{"line":71,"column":49}},"11":{"start":{"line":71,"column":50},"end":{"line":71,"column":61}},"12":{"start":{"line":71,"column":62},"end":{"line":71,"column":75}},"13":{"start":{"line":72,"column":29},"end":{"line":72,"column":49}},"14":{"start":{"line":72,"column":50},"end":{"line":72,"column":73}},"15":{"start":{"line":72,"column":62},"end":{"line":72,"column":73}},"16":{"start":{"line":72,"column":74},"end":{"line":72,"column":86}},"17":{"start":{"line":89,"column":0},"end":{"line":89,"column":54}}},"fnMap":{"0":{"name":"(anonymous_0)","decl":{"start":{"line":12,"column":2},"end":{"line":12,"column":3}},"loc":{"start":{"line":12,"column":64},"end":{"line":86,"column":3}},"line":12},"1":{"name":"(anonymous_1)","decl":{"start":{"line":18,"column":20},"end":{"line":18,"column":21}},"loc":{"start":{"line":18,"column":41},"end":{"line":24,"column":5}},"line":18},"2":{"name":"(anonymous_2)","decl":{"start":{"line":71,"column":21},"end":{"line":71,"column":22}},"loc":{"start":{"line":71,"column":28},"end":{"line":71,"column":77}},"line":71},"3":{"name":"(anonymous_3)","decl":{"start":{"line":72,"column":20},"end":{"line":72,"column":21}},"loc":{"start":{"line":72,"column":27},"end":{"line":72,"column":88}},"line":72},"4":{"name":"(anonymous_4)","decl":{"start":{"line":77,"column":35},"end":{"line":77,"column":36}},"loc":{"start":{"line":77,"column":41},"end":{"line":77,"column":43}},"line":77}},"branchMap":{"0":{"loc":{"start":{"line":14,"column":43},"end":{"line":14,"column":56}},"type":"cond-expr","locations":[{"start":{"line":14,"column":51},"end":{"line":14,"column":52}},{"start":{"line":14,"column":55},"end":{"line":14,"column":56}}],"line":14},"1":{"loc":{"start":{"line":16,"column":21},"end":{"line":16,"column":50}},"type":"binary-expr","locations":[{"start":{"line":16,"column":21},"end":{"line":16,"column":30}},{"start":{"line":16,"column":34},"end":{"line":16,"column":50}}],"line":16},"2":{"loc":{"start":{"line":47,"column":24},"end":{"line":47,"column":48}},"type":"cond-expr","locations":[{"start":{"line":47,"column":35},"end":{"line":47,"column":40}},{"start":{"line":47,"column":43},"end":{"line":47,"column":48}}],"line":47},"3":{"loc":{"start":{"line":58,"column":25},"end":{"line":58,"column":58}},"type":"cond-expr","locations":[{"start":{"line":58,"column":37},"end":{"line":58,"column":46}},{"start":{"line":58,"column":49},"end":{"line":58,"column":58}}],"line":58},"4":{"loc":{"start":{"line":72,"column":50},"end":{"line":72,"column":73}},"type":"if","locations":[{"start":{"line":72,"column":50},"end":{"line":72,"column":73}},{"start":{},"end":{}}],"line":72},"5":{"loc":{"start":{"line":75,"column":11},"end":{"line":82,"column":11}},"type":"binary-expr","locations":[{"start":{"line":75,"column":11},"end":{"line":75,"column":27}},{"start":{"line":76,"column":12},"end":{"line":81,"column":31}}],"line":75},"6":{"loc":{"start":{"line":77,"column":23},"end":{"line":77,"column":44}},"type":"binary-expr","locations":[{"start":{"line":77,"column":23},"end":{"line":77,"column":30}},{"start":{"line":77,"column":35},"end":{"line":77,"column":43}}],"line":77}},"s":{"0":1,"1":9,"2":9,"3":9,"4":9,"5":2,"6":9,"7":9,"8":9,"9":9,"10":1,"11":1,"12":1,"13":1,"14":1,"15":1,"16":1,"17":1},"f":{"0":9,"1":2,"2":1,"3":1,"4":1},"b":{"0":[4,5],"1":[9,8],"2":[5,4],"3":[1,8],"4":[1,0],"5":[9,4],"6":[4,3]},"_coverageSchema":"1a1c01bbd47fc00a2c39e90264f33305004495a9","hash":"0d105544badd22f9cee880e07075615183d6d60f"}
,"/Users/nguyendangkhoa/kim-ngan-phat/tappy-pos/mobile/src/components/FriendlyAlert.tsx": {"path":"/Users/nguyendangkhoa/kim-ngan-phat/tappy-pos/mobile/src/components/FriendlyAlert.tsx","statementMap":{"0":{"start":{"line":5,"column":53},"end":{"line":5,"column":68}},"1":{"start":{"line":7,"column":2},"end":{"line":7,"column":28}},"2":{"start":{"line":7,"column":16},"end":{"line":7,"column":28}},"3":{"start":{"line":9,"column":2},"end":{"line":57,"column":4}},"4":{"start":{"line":17,"column":26},"end":{"line":17,"column":45}},"5":{"start":{"line":30,"column":14},"end":{"line":51,"column":33}},"6":{"start":{"line":36,"column":18},"end":{"line":36,"column":25}},"7":{"start":{"line":37,"column":18},"end":{"line":37,"column":34}}},"fnMap":{"0":{"name":"FriendlyAlert","decl":{"start":{"line":4,"column":16},"end":{"line":4,"column":29}},"loc":{"start":{"line":4,"column":32},"end":{"line":58,"column":1}},"line":4},"1":{"name":"(anonymous_1)","decl":{"start":{"line":17,"column":19},"end":{"line":17,"column":20}},"loc":{"start":{"line":17,"column":26},"end":{"line":17,"column":45}},"line":17},"2":{"name":"(anonymous_2)","decl":{"start":{"line":29,"column":25},"end":{"line":29,"column":26}},"loc":{"start":{"line":30,"column":14},"end":{"line":51,"column":33}},"line":30},"3":{"name":"(anonymous_3)","decl":{"start":{"line":35,"column":25},"end":{"line":35,"column":26}},"loc":{"start":{"line":35,"column":31},"end":{"line":38,"column":17}},"line":35}},"branchMap":{"0":{"loc":{"start":{"line":7,"column":2},"end":{"line":7,"column":28}},"type":"if","locations":[{"start":{"line":7,"column":2},"end":{"line":7,"column":28}},{"start":{},"end":{}}],"line":7},"1":{"loc":{"start":{"line":33,"column":18},"end":{"line":33,"column":78}},"type":"cond-expr","locations":[{"start":{"line":33,"column":26},"end":{"line":33,"column":73}},{"start":{"line":33,"column":76},"end":{"line":33,"column":78}}],"line":33},"2":{"loc":{"start":{"line":42,"column":20},"end":{"line":46,"column":40}},"type":"cond-expr","locations":[{"start":{"line":43,"column":24},"end":{"line":43,"column":38}},{"start":{"line":44,"column":24},"end":{"line":46,"column":40}}],"line":42},"3":{"loc":{"start":{"line":44,"column":24},"end":{"line":46,"column":40}},"type":"cond-expr","locations":[{"start":{"line":45,"column":26},"end":{"line":45,"column":41}},{"start":{"line":46,"column":26},"end":{"line":46,"column":40}}],"line":44}},"s":{"0":8,"1":8,"2":3,"3":5,"4":0,"5":6,"6":2,"7":2},"f":{"0":8,"1":0,"2":6,"3":2},"b":{"0":[3,5],"1":[1,5],"2":[1,5],"3":[1,4]},"_coverageSchema":"1a1c01bbd47fc00a2c39e90264f33305004495a9","hash":"3917ee7d5c7a098f22e16d5d1bb5160701ecf97d"}
,"/Users/nguyendangkhoa/kim-ngan-phat/tappy-pos/mobile/src/components/LanguageChip.tsx": {"path":"/Users/nguyendangkhoa/kim-ngan-phat/tappy-pos/mobile/src/components/LanguageChip.tsx","statementMap":{"0":{"start":{"line":5,"column":42},"end":{"line":5,"column":64}},"1":{"start":{"line":6,"column":37},"end":{"line":6,"column":63}},"2":{"start":{"line":7,"column":38},"end":{"line":7,"column":60}},"3":{"start":{"line":10,"column":39},"end":{"line":10,"column":52}},"4":{"start":{"line":11,"column":19},"end":{"line":11,"column":56}},"5":{"start":{"line":12,"column":26},"end":{"line":12,"column":41}},"6":{"start":{"line":14,"column":18},"end":{"line":17,"column":4}},"7":{"start":{"line":19,"column":21},"end":{"line":31,"column":3}},"8":{"start":{"line":20,"column":4},"end":{"line":20,"column":21}},"9":{"start":{"line":20,"column":14},"end":{"line":20,"column":21}},"10":{"start":{"line":21,"column":4},"end":{"line":21,"column":18}},"11":{"start":{"line":22,"column":17},"end":{"line":22,"column":31}},"12":{"start":{"line":24,"column":4},"end":{"line":30,"column":7}},"13":{"start":{"line":25,"column":6},"end":{"line":25,"column":27}},"14":{"start":{"line":26,"column":6},"end":{"line":26,"column":28}},"15":{"start":{"line":27,"column":6},"end":{"line":29,"column":8}},"16":{"start":{"line":28,"column":8},"end":{"line":28,"column":22}},"17":{"start":{"line":33,"column":2},"end":{"line":56,"column":4}}},"fnMap":{"0":{"name":"LanguageChip","decl":{"start":{"line":9,"column":16},"end":{"line":9,"column":28}},"loc":{"start":{"line":9,"column":31},"end":{"line":57,"column":1}},"line":9},"1":{"name":"(anonymous_1)","decl":{"start":{"line":19,"column":21},"end":{"line":19,"column":22}},"loc":{"start":{"line":19,"column":27},"end":{"line":31,"column":3}},"line":19},"2":{"name":"(anonymous_2)","decl":{"start":{"line":24,"column":90},"end":{"line":24,"column":91}},"loc":{"start":{"line":24,"column":96},"end":{"line":30,"column":5}},"line":24},"3":{"name":"(anonymous_3)","decl":{"start":{"line":27,"column":92},"end":{"line":27,"column":93}},"loc":{"start":{"line":28,"column":8},"end":{"line":28,"column":22}},"line":28}},"branchMap":{"0":{"loc":{"start":{"line":20,"column":4},"end":{"line":20,"column":21}},"type":"if","locations":[{"start":{"line":20,"column":4},"end":{"line":20,"column":21}},{"start":{},"end":{}}],"line":20}},"s":{"0":1,"1":1,"2":1,"3":5,"4":5,"5":5,"6":5,"7":5,"8":1,"9":0,"10":1,"11":1,"12":1,"13":1,"14":1,"15":1,"16":1,"17":5},"f":{"0":5,"1":1,"2":1,"3":1},"b":{"0":[0,1]},"_coverageSchema":"1a1c01bbd47fc00a2c39e90264f33305004495a9","hash":"2b96d69ba40e5e7bd2b1d1d38073c145a6f9bc0b"}
,"/Users/nguyendangkhoa/kim-ngan-phat/tappy-pos/mobile/src/components/MoneyInput.tsx": {"path":"/Users/nguyendangkhoa/kim-ngan-phat/tappy-pos/mobile/src/components/MoneyInput.tsx","statementMap":{"0":{"start":{"line":6,"column":21},"end":{"line":6,"column":44}},"1":{"start":{"line":14,"column":19},"end":{"line":14,"column":35}},"2":{"start":{"line":15,"column":23},"end":{"line":15,"column":51}},"3":{"start":{"line":16,"column":16},"end":{"line":16,"column":84}},"4":{"start":{"line":18,"column":23},"end":{"line":21,"column":3}},"5":{"start":{"line":19,"column":19},"end":{"line":19,"column":46}},"6":{"start":{"line":20,"column":4},"end":{"line":20,"column":24}},"7":{"start":{"line":23,"column":2},"end":{"line":49,"column":4}},"8":{"start":{"line":52,"column":26},"end":{"line":52,"column":53}}},"fnMap":{"0":{"name":"MoneyInputInner","decl":{"start":{"line":13,"column":9},"end":{"line":13,"column":24}},"loc":{"start":{"line":13,"column":89},"end":{"line":50,"column":1}},"line":13},"1":{"name":"(anonymous_1)","decl":{"start":{"line":18,"column":23},"end":{"line":18,"column":24}},"loc":{"start":{"line":18,"column":41},"end":{"line":21,"column":3}},"line":18}},"branchMap":{"0":{"loc":{"start":{"line":16,"column":16},"end":{"line":16,"column":84}},"type":"cond-expr","locations":[{"start":{"line":16,"column":27},"end":{"line":16,"column":79}},{"start":{"line":16,"column":82},"end":{"line":16,"column":84}}],"line":16},"1":{"loc":{"start":{"line":32,"column":32},"end":{"line":32,"column":80}},"type":"cond-expr","locations":[{"start":{"line":32,"column":56},"end":{"line":32,"column":68}},{"start":{"line":32,"column":71},"end":{"line":32,"column":80}}],"line":32},"2":{"loc":{"start":{"line":40,"column":7},"end":{"line":42,"column":14}},"type":"cond-expr","locations":[{"start":{"line":41,"column":8},"end":{"line":41,"column":81}},{"start":{"line":42,"column":10},"end":{"line":42,"column":14}}],"line":40},"3":{"loc":{"start":{"line":43,"column":7},"end":{"line":47,"column":7}},"type":"binary-expr","locations":[{"start":{"line":43,"column":7},"end":{"line":43,"column":28}},{"start":{"line":44,"column":8},"end":{"line":46,"column":29}}],"line":43}},"s":{"0":1,"1":6,"2":6,"3":6,"4":6,"5":1,"6":1,"7":6,"8":1},"f":{"0":6,"1":1},"b":{"0":[3,3],"1":[6,0],"2":[3,3],"3":[6,6]},"_coverageSchema":"1a1c01bbd47fc00a2c39e90264f33305004495a9","hash":"55d27811af66bfebc846aaff271d31209f3c7b2b"}
,"/Users/nguyendangkhoa/kim-ngan-phat/tappy-pos/mobile/src/components/PasswordInput.tsx": {"path":"/Users/nguyendangkhoa/kim-ngan-phat/tappy-pos/mobile/src/components/PasswordInput.tsx","statementMap":{"0":{"start":{"line":7,"column":22},"end":{"line":13,"column":1}},"1":{"start":{"line":8,"column":43},"end":{"line":8,"column":56}},"2":{"start":{"line":9,"column":41},"end":{"line":9,"column":56}},"3":{"start":{"line":10,"column":44},"end":{"line":10,"column":59}},"4":{"start":{"line":11,"column":40},"end":{"line":11,"column":52}},"5":{"start":{"line":12,"column":49},"end":{"line":12,"column":71}},"6":{"start":{"line":16,"column":17},"end":{"line":16,"column":54}},"7":{"start":{"line":16,"column":37},"end":{"line":16,"column":46}},"8":{"start":{"line":17,"column":2},"end":{"line":17,"column":28}},"9":{"start":{"line":17,"column":19},"end":{"line":17,"column":28}},"10":{"start":{"line":18,"column":2},"end":{"line":18,"column":29}},"11":{"start":{"line":18,"column":20},"end":{"line":18,"column":29}},"12":{"start":{"line":19,"column":2},"end":{"line":19,"column":29}},"13":{"start":{"line":19,"column":20},"end":{"line":19,"column":29}},"14":{"start":{"line":20,"column":2},"end":{"line":20,"column":11}},"15":{"start":{"line":23,"column":24},"end":{"line":23,"column":64}},"16":{"start":{"line":24,"column":24},"end":{"line":24,"column":72}},"17":{"start":{"line":32,"column":29},"end":{"line":96,"column":1}},"18":{"start":{"line":34,"column":28},"end":{"line":34,"column":43}},"19":{"start":{"line":35,"column":21},"end":{"line":35,"column":62}},"20":{"start":{"line":37,"column":4},"end":{"line":94,"column":6}},"21":{"start":{"line":48,"column":43},"end":{"line":48,"column":61}},"22":{"start":{"line":48,"column":58},"end":{"line":48,"column":60}},"23":{"start":{"line":61,"column":16},"end":{"line":65,"column":18}},"24":{"start":{"line":77,"column":29},"end":{"line":77,"column":45}},"25":{"start":{"line":78,"column":14},"end":{"line":89,"column":16}},"26":{"start":{"line":98,"column":0},"end":{"line":98,"column":44}}},"fnMap":{"0":{"name":"(anonymous_0)","decl":{"start":{"line":8,"column":36},"end":{"line":8,"column":37}},"loc":{"start":{"line":8,"column":43},"end":{"line":8,"column":56}},"line":8},"1":{"name":"(anonymous_1)","decl":{"start":{"line":9,"column":34},"end":{"line":9,"column":35}},"loc":{"start":{"line":9,"column":41},"end":{"line":9,"column":56}},"line":9},"2":{"name":"(anonymous_2)","decl":{"start":{"line":10,"column":37},"end":{"line":10,"column":38}},"loc":{"start":{"line":10,"column":44},"end":{"line":10,"column":59}},"line":10},"3":{"name":"(anonymous_3)","decl":{"start":{"line":11,"column":33},"end":{"line":11,"column":34}},"loc":{"start":{"line":11,"column":40},"end":{"line":11,"column":52}},"line":11},"4":{"name":"(anonymous_4)","decl":{"start":{"line":12,"column":42},"end":{"line":12,"column":43}},"loc":{"start":{"line":12,"column":49},"end":{"line":12,"column":71}},"line":12},"5":{"name":"getStrength","decl":{"start":{"line":15,"column":9},"end":{"line":15,"column":20}},"loc":{"start":{"line":15,"column":51},"end":{"line":21,"column":1}},"line":15},"6":{"name":"(anonymous_6)","decl":{"start":{"line":16,"column":30},"end":{"line":16,"column":31}},"loc":{"start":{"line":16,"column":37},"end":{"line":16,"column":46}},"line":16},"7":{"name":"(anonymous_7)","decl":{"start":{"line":33,"column":2},"end":{"line":33,"column":3}},"loc":{"start":{"line":33,"column":71},"end":{"line":95,"column":3}},"line":33},"8":{"name":"(anonymous_8)","decl":{"start":{"line":48,"column":37},"end":{"line":48,"column":38}},"loc":{"start":{"line":48,"column":43},"end":{"line":48,"column":61}},"line":48},"9":{"name":"(anonymous_9)","decl":{"start":{"line":48,"column":51},"end":{"line":48,"column":52}},"loc":{"start":{"line":48,"column":58},"end":{"line":48,"column":60}},"line":48},"10":{"name":"(anonymous_10)","decl":{"start":{"line":60,"column":32},"end":{"line":60,"column":33}},"loc":{"start":{"line":61,"column":16},"end":{"line":65,"column":18}},"line":61},"11":{"name":"(anonymous_11)","decl":{"start":{"line":76,"column":23},"end":{"line":76,"column":24}},"loc":{"start":{"line":76,"column":33},"end":{"line":90,"column":13}},"line":76}},"branchMap":{"0":{"loc":{"start":{"line":17,"column":2},"end":{"line":17,"column":28}},"type":"if","locations":[{"start":{"line":17,"column":2},"end":{"line":17,"column":28}},{"start":{},"end":{}}],"line":17},"1":{"loc":{"start":{"line":18,"column":2},"end":{"line":18,"column":29}},"type":"if","locations":[{"start":{"line":18,"column":2},"end":{"line":18,"column":29}},{"start":{},"end":{}}],"line":18},"2":{"loc":{"start":{"line":19,"column":2},"end":{"line":19,"column":29}},"type":"if","locations":[{"start":{"line":19,"column":2},"end":{"line":19,"column":29}},{"start":{},"end":{}}],"line":19},"3":{"loc":{"start":{"line":33,"column":12},"end":{"line":33,"column":29}},"type":"default-arg","locations":[{"start":{"line":33,"column":24},"end":{"line":33,"column":29}}],"line":33},"4":{"loc":{"start":{"line":33,"column":31},"end":{"line":33,"column":50}},"type":"default-arg","locations":[{"start":{"line":33,"column":46},"end":{"line":33,"column":50}}],"line":33},"5":{"loc":{"start":{"line":35,"column":21},"end":{"line":35,"column":62}},"type":"cond-expr","locations":[{"start":{"line":35,"column":40},"end":{"line":35,"column":58}},{"start":{"line":35,"column":61},"end":{"line":35,"column":62}}],"line":35},"6":{"loc":{"start":{"line":50,"column":20},"end":{"line":50,"column":60}},"type":"cond-expr","locations":[{"start":{"line":50,"column":27},"end":{"line":50,"column":44}},{"start":{"line":50,"column":47},"end":{"line":50,"column":60}}],"line":50},"7":{"loc":{"start":{"line":57,"column":9},"end":{"line":72,"column":9}},"type":"binary-expr","locations":[{"start":{"line":57,"column":9},"end":{"line":57,"column":21}},{"start":{"line":57,"column":25},"end":{"line":57,"column":41}},{"start":{"line":58,"column":10},"end":{"line":71,"column":17}}],"line":57},"8":{"loc":{"start":{"line":64,"column":44},"end":{"line":64,"column":97}},"type":"cond-expr","locations":[{"start":{"line":64,"column":60},"end":{"line":64,"column":85}},{"start":{"line":64,"column":88},"end":{"line":64,"column":97}}],"line":64},"9":{"loc":{"start":{"line":74,"column":9},"end":{"line":92,"column":9}},"type":"binary-expr","locations":[{"start":{"line":74,"column":9},"end":{"line":74,"column":18}},{"start":{"line":75,"column":10},"end":{"line":91,"column":17}}],"line":74},"10":{"loc":{"start":{"line":81,"column":26},"end":{"line":81,"column":68}},"type":"cond-expr","locations":[{"start":{"line":81,"column":35},"end":{"line":81,"column":49}},{"start":{"line":81,"column":52},"end":{"line":81,"column":68}}],"line":81},"11":{"loc":{"start":{"line":83,"column":27},"end":{"line":83,"column":57}},"type":"cond-expr","locations":[{"start":{"line":83,"column":36},"end":{"line":83,"column":45}},{"start":{"line":83,"column":48},"end":{"line":83,"column":57}}],"line":83},"12":{"loc":{"start":{"line":85,"column":46},"end":{"line":85,"column":87}},"type":"cond-expr","locations":[{"start":{"line":85,"column":55},"end":{"line":85,"column":69}},{"start":{"line":85,"column":72},"end":{"line":85,"column":87}}],"line":85}},"s":{"0":1,"1":11,"2":11,"3":11,"4":11,"5":11,"6":10,"7":50,"8":10,"9":9,"10":1,"11":0,"12":1,"13":0,"14":1,"15":1,"16":1,"17":1,"18":12,"19":12,"20":12,"21":3,"22":3,"23":40,"24":5,"25":5,"26":1},"f":{"0":11,"1":11,"2":11,"3":11,"4":11,"5":10,"6":50,"7":12,"8":3,"9":3,"10":40,"11":5},"b":{"0":[9,1],"1":[0,1],"2":[0,1],"3":[11],"4":[9],"5":[10,2],"6":[2,10],"7":[12,12,10],"8":[13,27],"9":[12,1],"10":[1,4],"11":[1,4],"12":[1,4]},"_coverageSchema":"1a1c01bbd47fc00a2c39e90264f33305004495a9","hash":"7dac46d97625260c0c4d14ce3a407091efc36bda"}
,"/Users/nguyendangkhoa/kim-ngan-phat/tappy-pos/mobile/src/components/PhoneInput.tsx": {"path":"/Users/nguyendangkhoa/kim-ngan-phat/tappy-pos/mobile/src/components/PhoneInput.tsx","statementMap":{"0":{"start":{"line":13,"column":2},"end":{"line":13,"column":40}},"1":{"start":{"line":13,"column":26},"end":{"line":13,"column":40}},"2":{"start":{"line":14,"column":2},"end":{"line":14,"column":76}},"3":{"start":{"line":14,"column":26},"end":{"line":14,"column":76}},"4":{"start":{"line":15,"column":2},"end":{"line":15,"column":74}},"5":{"start":{"line":19,"column":2},"end":{"line":19,"column":47}},"6":{"start":{"line":22,"column":26},"end":{"line":41,"column":1}},"7":{"start":{"line":24,"column":16},"end":{"line":24,"column":33}},"8":{"start":{"line":26,"column":25},"end":{"line":28,"column":5}},"9":{"start":{"line":27,"column":6},"end":{"line":27,"column":36}},"10":{"start":{"line":30,"column":4},"end":{"line":39,"column":6}},"11":{"start":{"line":35,"column":25},"end":{"line":35,"column":41}},"12":{"start":{"line":35,"column":42},"end":{"line":35,"column":54}},"13":{"start":{"line":43,"column":0},"end":{"line":43,"column":38}}},"fnMap":{"0":{"name":"formatPhone","decl":{"start":{"line":12,"column":9},"end":{"line":12,"column":20}},"loc":{"start":{"line":12,"column":45},"end":{"line":16,"column":1}},"line":12},"1":{"name":"stripPhone","decl":{"start":{"line":18,"column":16},"end":{"line":18,"column":26}},"loc":{"start":{"line":18,"column":50},"end":{"line":20,"column":1}},"line":18},"2":{"name":"(anonymous_2)","decl":{"start":{"line":23,"column":2},"end":{"line":23,"column":3}},"loc":{"start":{"line":23,"column":53},"end":{"line":40,"column":3}},"line":23},"3":{"name":"(anonymous_3)","decl":{"start":{"line":26,"column":25},"end":{"line":26,"column":26}},"loc":{"start":{"line":26,"column":43},"end":{"line":28,"column":5}},"line":26},"4":{"name":"(anonymous_4)","decl":{"start":{"line":35,"column":17},"end":{"line":35,"column":18}},"loc":{"start":{"line":35,"column":23},"end":{"line":35,"column":56}},"line":35}},"branchMap":{"0":{"loc":{"start":{"line":13,"column":2},"end":{"line":13,"column":40}},"type":"if","locations":[{"start":{"line":13,"column":2},"end":{"line":13,"column":40}},{"start":{},"end":{}}],"line":13},"1":{"loc":{"start":{"line":14,"column":2},"end":{"line":14,"column":76}},"type":"if","locations":[{"start":{"line":14,"column":2},"end":{"line":14,"column":76}},{"start":{},"end":{}}],"line":14}},"s":{"0":5,"1":1,"2":4,"3":1,"4":3,"5":10,"6":1,"7":5,"8":5,"9":1,"10":5,"11":1,"12":1,"13":1},"f":{"0":5,"1":10,"2":5,"3":1,"4":1},"b":{"0":[1,4],"1":[1,3]},"_coverageSchema":"1a1c01bbd47fc00a2c39e90264f33305004495a9","hash":"51c30c2904dc99ee3afe91eec6fee42755915c1d"}
,"/Users/nguyendangkhoa/kim-ngan-phat/tappy-pos/mobile/src/components/PinPad.tsx": {"path":"/Users/nguyendangkhoa/kim-ngan-phat/tappy-pos/mobile/src/components/PinPad.tsx","statementMap":{"0":{"start":{"line":15,"column":13},"end":{"line":20,"column":1}},"1":{"start":{"line":23,"column":20},"end":{"line":23,"column":57}},"2":{"start":{"line":25,"column":23},"end":{"line":32,"column":3}},"3":{"start":{"line":26,"column":4},"end":{"line":31,"column":15}},"4":{"start":{"line":34,"column":20},"end":{"line":45,"column":3}},"5":{"start":{"line":35,"column":4},"end":{"line":35,"column":24}},"6":{"start":{"line":35,"column":17},"end":{"line":35,"column":24}},"7":{"start":{"line":36,"column":4},"end":{"line":44,"column":5}},"8":{"start":{"line":37,"column":6},"end":{"line":37,"column":61}},"9":{"start":{"line":38,"column":6},"end":{"line":38,"column":35}},"10":{"start":{"line":39,"column":11},"end":{"line":44,"column":5}},"11":{"start":{"line":40,"column":6},"end":{"line":40,"column":22}},"12":{"start":{"line":41,"column":11},"end":{"line":44,"column":5}},"13":{"start":{"line":42,"column":6},"end":{"line":42,"column":61}},"14":{"start":{"line":43,"column":6},"end":{"line":43,"column":28}},"15":{"start":{"line":48,"column":2},"end":{"line":48,"column":58}},"16":{"start":{"line":50,"column":2},"end":{"line":103,"column":4}},"17":{"start":{"line":57,"column":10},"end":{"line":62,"column":12}},"18":{"start":{"line":71,"column":12},"end":{"line":98,"column":19}},"19":{"start":{"line":73,"column":16},"end":{"line":75,"column":17}},"20":{"start":{"line":74,"column":18},"end":{"line":74,"column":66}},"21":{"start":{"line":76,"column":33},"end":{"line":76,"column":63}},"22":{"start":{"line":77,"column":16},"end":{"line":96,"column":18}},"23":{"start":{"line":83,"column":35},"end":{"line":83,"column":49}}},"fnMap":{"0":{"name":"PinPad","decl":{"start":{"line":22,"column":16},"end":{"line":22,"column":22}},"loc":{"start":{"line":22,"column":96},"end":{"line":104,"column":1}},"line":22},"1":{"name":"(anonymous_1)","decl":{"start":{"line":25,"column":23},"end":{"line":25,"column":24}},"loc":{"start":{"line":25,"column":29},"end":{"line":32,"column":3}},"line":25},"2":{"name":"(anonymous_2)","decl":{"start":{"line":34,"column":20},"end":{"line":34,"column":21}},"loc":{"start":{"line":34,"column":37},"end":{"line":45,"column":3}},"line":34},"3":{"name":"(anonymous_3)","decl":{"start":{"line":56,"column":47},"end":{"line":56,"column":48}},"loc":{"start":{"line":57,"column":10},"end":{"line":62,"column":12}},"line":57},"4":{"name":"(anonymous_4)","decl":{"start":{"line":70,"column":20},"end":{"line":70,"column":21}},"loc":{"start":{"line":71,"column":12},"end":{"line":98,"column":19}},"line":71},"5":{"name":"(anonymous_5)","decl":{"start":{"line":72,"column":23},"end":{"line":72,"column":24}},"loc":{"start":{"line":72,"column":32},"end":{"line":97,"column":15}},"line":72},"6":{"name":"(anonymous_6)","decl":{"start":{"line":83,"column":29},"end":{"line":83,"column":30}},"loc":{"start":{"line":83,"column":35},"end":{"line":83,"column":49}},"line":83}},"branchMap":{"0":{"loc":{"start":{"line":22,"column":42},"end":{"line":22,"column":55}},"type":"default-arg","locations":[{"start":{"line":22,"column":54},"end":{"line":22,"column":55}}],"line":22},"1":{"loc":{"start":{"line":22,"column":57},"end":{"line":22,"column":72}},"type":"default-arg","locations":[{"start":{"line":22,"column":67},"end":{"line":22,"column":72}}],"line":22},"2":{"loc":{"start":{"line":35,"column":4},"end":{"line":35,"column":24}},"type":"if","locations":[{"start":{"line":35,"column":4},"end":{"line":35,"column":24}},{"start":{},"end":{}}],"line":35},"3":{"loc":{"start":{"line":36,"column":4},"end":{"line":44,"column":5}},"type":"if","locations":[{"start":{"line":36,"column":4},"end":{"line":44,"column":5}},{"start":{"line":39,"column":11},"end":{"line":44,"column":5}}],"line":36},"4":{"loc":{"start":{"line":39,"column":11},"end":{"line":44,"column":5}},"type":"if","locations":[{"start":{"line":39,"column":11},"end":{"line":44,"column":5}},{"start":{"line":41,"column":11},"end":{"line":44,"column":5}}],"line":39},"5":{"loc":{"start":{"line":41,"column":11},"end":{"line":44,"column":5}},"type":"if","locations":[{"start":{"line":41,"column":11},"end":{"line":44,"column":5}},{"start":{},"end":{}}],"line":41},"6":{"loc":{"start":{"line":60,"column":14},"end":{"line":60,"column":78}},"type":"cond-expr","locations":[{"start":{"line":60,"column":33},"end":{"line":60,"column":45}},{"start":{"line":60,"column":48},"end":{"line":60,"column":78}}],"line":60},"7":{"loc":{"start":{"line":66,"column":7},"end":{"line":101,"column":7}},"type":"cond-expr","locations":[{"start":{"line":67,"column":8},"end":{"line":67,"column":58}},{"start":{"line":69,"column":8},"end":{"line":100,"column":15}}],"line":66},"8":{"loc":{"start":{"line":73,"column":16},"end":{"line":75,"column":17}},"type":"if","locations":[{"start":{"line":73,"column":16},"end":{"line":75,"column":17}},{"start":{},"end":{}}],"line":73},"9":{"loc":{"start":{"line":73,"column":20},"end":{"line":73,"column":49}},"type":"binary-expr","locations":[{"start":{"line":73,"column":20},"end":{"line":73,"column":33}},{"start":{"line":73,"column":37},"end":{"line":73,"column":49}}],"line":73},"10":{"loc":{"start":{"line":76,"column":33},"end":{"line":76,"column":63}},"type":"binary-expr","locations":[{"start":{"line":76,"column":33},"end":{"line":76,"column":46}},{"start":{"line":76,"column":50},"end":{"line":76,"column":63}}],"line":76},"11":{"loc":{"start":{"line":81,"column":22},"end":{"line":81,"column":86}},"type":"cond-expr","locations":[{"start":{"line":81,"column":33},"end":{"line":81,"column":35}},{"start":{"line":81,"column":38},"end":{"line":81,"column":86}}],"line":81},"12":{"loc":{"start":{"line":86,"column":21},"end":{"line":94,"column":21}},"type":"cond-expr","locations":[{"start":{"line":87,"column":22},"end":{"line":87,"column":99}},{"start":{"line":88,"column":24},"end":{"line":94,"column":21}}],"line":86},"13":{"loc":{"start":{"line":88,"column":24},"end":{"line":94,"column":21}},"type":"cond-expr","locations":[{"start":{"line":89,"column":22},"end":{"line":89,"column":93}},{"start":{"line":91,"column":22},"end":{"line":93,"column":29}}],"line":88}},"s":{"0":1,"1":9,"2":9,"3":0,"4":9,"5":4,"6":0,"7":4,"8":1,"9":1,"10":3,"11":1,"12":2,"13":1,"14":1,"15":9,"16":9,"17":54,"18":28,"19":84,"20":6,"21":78,"22":78,"23":4},"f":{"0":9,"1":0,"2":4,"3":54,"4":28,"5":84,"6":4},"b":{"0":[7],"1":[7],"2":[0,4],"3":[1,3],"4":[1,2],"5":[1,1],"6":[15,39],"7":[2,7],"8":[6,78],"9":[84,7],"10":[78,71],"11":[8,70],"12":[7,71],"13":[1,70]},"_coverageSchema":"1a1c01bbd47fc00a2c39e90264f33305004495a9","hash":"a31d285bdc6d0e3502c29899611b7659c51f1170"}
,"/Users/nguyendangkhoa/kim-ngan-phat/tappy-pos/mobile/src/components/Skeleton.tsx": {"path":"/Users/nguyendangkhoa/kim-ngan-phat/tappy-pos/mobile/src/components/Skeleton.tsx","statementMap":{"0":{"start":{"line":22,"column":18},"end":{"line":22,"column":35}},"1":{"start":{"line":24,"column":2},"end":{"line":31,"column":9}},"2":{"start":{"line":25,"column":4},"end":{"line":29,"column":6}},"3":{"start":{"line":30,"column":4},"end":{"line":30,"column":42}},"4":{"start":{"line":30,"column":17},"end":{"line":30,"column":41}},"5":{"start":{"line":33,"column":24},"end":{"line":33,"column":76}},"6":{"start":{"line":33,"column":48},"end":{"line":33,"column":74}},"7":{"start":{"line":34,"column":18},"end":{"line":34,"column":76}},"8":{"start":{"line":36,"column":2},"end":{"line":40,"column":4}}},"fnMap":{"0":{"name":"Skeleton","decl":{"start":{"line":21,"column":16},"end":{"line":21,"column":24}},"loc":{"start":{"line":21,"column":106},"end":{"line":41,"column":1}},"line":21},"1":{"name":"(anonymous_1)","decl":{"start":{"line":24,"column":12},"end":{"line":24,"column":13}},"loc":{"start":{"line":24,"column":18},"end":{"line":31,"column":3}},"line":24},"2":{"name":"(anonymous_2)","decl":{"start":{"line":30,"column":11},"end":{"line":30,"column":12}},"loc":{"start":{"line":30,"column":17},"end":{"line":30,"column":41}},"line":30},"3":{"name":"(anonymous_3)","decl":{"start":{"line":33,"column":41},"end":{"line":33,"column":42}},"loc":{"start":{"line":33,"column":48},"end":{"line":33,"column":74}},"line":33}},"branchMap":{"0":{"loc":{"start":{"line":21,"column":27},"end":{"line":21,"column":41}},"type":"default-arg","locations":[{"start":{"line":21,"column":35},"end":{"line":21,"column":41}}],"line":21},"1":{"loc":{"start":{"line":21,"column":51},"end":{"line":21,"column":67}},"type":"default-arg","locations":[{"start":{"line":21,"column":66},"end":{"line":21,"column":67}}],"line":21},"2":{"loc":{"start":{"line":21,"column":69},"end":{"line":21,"column":88}},"type":"default-arg","locations":[{"start":{"line":21,"column":79},"end":{"line":21,"column":88}}],"line":21},"3":{"loc":{"start":{"line":34,"column":18},"end":{"line":34,"column":76}},"type":"cond-expr","locations":[{"start":{"line":34,"column":40},"end":{"line":34,"column":64}},{"start":{"line":34,"column":67},"end":{"line":34,"column":76}}],"line":34}},"s":{"0":5,"1":5,"2":5,"3":5,"4":5,"5":5,"6":5,"7":5,"8":5},"f":{"0":5,"1":5,"2":5,"3":5},"b":{"0":[4],"1":[4],"2":[3],"3":[1,4]},"_coverageSchema":"1a1c01bbd47fc00a2c39e90264f33305004495a9","hash":"2e1c57083779c5e5b53fa45187be03b57c5c4c43"}
,"/Users/nguyendangkhoa/kim-ngan-phat/tappy-pos/mobile/src/components/UndoToast.tsx": {"path":"/Users/nguyendangkhoa/kim-ngan-phat/tappy-pos/mobile/src/components/UndoToast.tsx","statementMap":{"0":{"start":{"line":6,"column":17},"end":{"line":6,"column":21}},"1":{"start":{"line":9,"column":45},"end":{"line":9,"column":60}},"2":{"start":{"line":10,"column":17},"end":{"line":10,"column":36}},"3":{"start":{"line":11,"column":18},"end":{"line":11,"column":55}},"4":{"start":{"line":12,"column":16},"end":{"line":12,"column":66}},"5":{"start":{"line":14,"column":2},"end":{"line":25,"column":16}},"6":{"start":{"line":15,"column":4},"end":{"line":21,"column":5}},"7":{"start":{"line":16,"column":6},"end":{"line":16,"column":93}},"8":{"start":{"line":17,"column":6},"end":{"line":17,"column":49}},"9":{"start":{"line":19,"column":6},"end":{"line":19,"column":93}},"10":{"start":{"line":20,"column":6},"end":{"line":20,"column":53}},"11":{"start":{"line":20,"column":25},"end":{"line":20,"column":53}},"12":{"start":{"line":22,"column":4},"end":{"line":24,"column":6}},"13":{"start":{"line":23,"column":6},"end":{"line":23,"column":53}},"14":{"start":{"line":23,"column":25},"end":{"line":23,"column":53}},"15":{"start":{"line":27,"column":2},"end":{"line":27,"column":28}},"16":{"start":{"line":27,"column":16},"end":{"line":27,"column":28}},"17":{"start":{"line":29,"column":2},"end":{"line":49,"column":4}},"18":{"start":{"line":40,"column":12},"end":{"line":40,"column":19}},"19":{"start":{"line":41,"column":12},"end":{"line":41,"column":21}}},"fnMap":{"0":{"name":"UndoToast","decl":{"start":{"line":8,"column":16},"end":{"line":8,"column":25}},"loc":{"start":{"line":8,"column":28},"end":{"line":50,"column":1}},"line":8},"1":{"name":"(anonymous_1)","decl":{"start":{"line":14,"column":12},"end":{"line":14,"column":13}},"loc":{"start":{"line":14,"column":18},"end":{"line":25,"column":3}},"line":14},"2":{"name":"(anonymous_2)","decl":{"start":{"line":22,"column":11},"end":{"line":22,"column":12}},"loc":{"start":{"line":22,"column":17},"end":{"line":24,"column":5}},"line":22},"3":{"name":"(anonymous_3)","decl":{"start":{"line":39,"column":19},"end":{"line":39,"column":20}},"loc":{"start":{"line":39,"column":25},"end":{"line":42,"column":11}},"line":39}},"branchMap":{"0":{"loc":{"start":{"line":15,"column":4},"end":{"line":21,"column":5}},"type":"if","locations":[{"start":{"line":15,"column":4},"end":{"line":21,"column":5}},{"start":{"line":18,"column":11},"end":{"line":21,"column":5}}],"line":15},"1":{"loc":{"start":{"line":20,"column":6},"end":{"line":20,"column":53}},"type":"if","locations":[{"start":{"line":20,"column":6},"end":{"line":20,"column":53}},{"start":{},"end":{}}],"line":20},"2":{"loc":{"start":{"line":23,"column":6},"end":{"line":23,"column":53}},"type":"if","locations":[{"start":{"line":23,"column":6},"end":{"line":23,"column":53}},{"start":{},"end":{}}],"line":23},"3":{"loc":{"start":{"line":27,"column":2},"end":{"line":27,"column":28}},"type":"if","locations":[{"start":{"line":27,"column":2},"end":{"line":27,"column":28}},{"start":{},"end":{}}],"line":27},"4":{"loc":{"start":{"line":37,"column":7},"end":{"line":47,"column":7}},"type":"binary-expr","locations":[{"start":{"line":37,"column":7},"end":{"line":37,"column":13}},{"start":{"line":38,"column":8},"end":{"line":46,"column":27}}],"line":37}},"s":{"0":1,"1":6,"2":6,"3":6,"4":6,"5":6,"6":6,"7":4,"8":4,"9":2,"10":2,"11":1,"12":6,"13":6,"14":5,"15":6,"16":2,"17":4,"18":1,"19":1},"f":{"0":6,"1":6,"2":6,"3":1},"b":{"0":[4,2],"1":[1,1],"2":[5,1],"3":[2,4],"4":[4,2]},"_coverageSchema":"1a1c01bbd47fc00a2c39e90264f33305004495a9","hash":"7da72d437bb302321654e65dbf7eee12d5bc4ed7"}
,"/Users/nguyendangkhoa/kim-ngan-phat/tappy-pos/mobile/src/hooks/useCurrency.ts": {"path":"/Users/nguyendangkhoa/kim-ngan-phat/tappy-pos/mobile/src/hooks/useCurrency.ts","statementMap":{"0":{"start":{"line":4,"column":2},"end":{"line":8,"column":4}}},"fnMap":{"0":{"name":"useCurrency","decl":{"start":{"line":3,"column":16},"end":{"line":3,"column":27}},"loc":{"start":{"line":3,"column":30},"end":{"line":9,"column":1}},"line":3}},"branchMap":{},"s":{"0":4},"f":{"0":4},"b":{},"_coverageSchema":"1a1c01bbd47fc00a2c39e90264f33305004495a9","hash":"2c7ab95bf3d6d04db759e8bea28a20498d053837"}
,"/Users/nguyendangkhoa/kim-ngan-phat/tappy-pos/mobile/src/hooks/useCycleProgress.ts": {"path":"/Users/nguyendangkhoa/kim-ngan-phat/tappy-pos/mobile/src/hooks/useCycleProgress.ts","statementMap":{"0":{"start":{"line":14,"column":19},"end":{"line":14,"column":35}},"1":{"start":{"line":15,"column":17},"end":{"line":15,"column":59}},"2":{"start":{"line":17,"column":2},"end":{"line":43,"column":35}},"3":{"start":{"line":18,"column":18},"end":{"line":18,"column":28}},"4":{"start":{"line":20,"column":23},"end":{"line":22,"column":6}},"5":{"start":{"line":24,"column":4},"end":{"line":26,"column":5}},"6":{"start":{"line":25,"column":6},"end":{"line":25,"column":76}},"7":{"start":{"line":28,"column":18},"end":{"line":28,"column":51}},"8":{"start":{"line":29,"column":18},"end":{"line":29,"column":49}},"9":{"start":{"line":31,"column":21},"end":{"line":32,"column":70}},"10":{"start":{"line":32,"column":6},"end":{"line":32,"column":70}},"11":{"start":{"line":33,"column":23},"end":{"line":33,"column":62}},"12":{"start":{"line":35,"column":22},"end":{"line":35,"column":53}},"13":{"start":{"line":36,"column":22},"end":{"line":36,"column":55}},"14":{"start":{"line":37,"column":22},"end":{"line":37,"column":88}},"15":{"start":{"line":39,"column":20},"end":{"line":39,"column":51}},"16":{"start":{"line":40,"column":21},"end":{"line":40,"column":81}},"17":{"start":{"line":42,"column":4},"end":{"line":42,"column":58}}},"fnMap":{"0":{"name":"useCycleProgress","decl":{"start":{"line":13,"column":16},"end":{"line":13,"column":32}},"loc":{"start":{"line":13,"column":71},"end":{"line":44,"column":1}},"line":13},"1":{"name":"(anonymous_1)","decl":{"start":{"line":17,"column":17},"end":{"line":17,"column":18}},"loc":{"start":{"line":17,"column":23},"end":{"line":43,"column":3}},"line":17},"2":{"name":"(anonymous_2)","decl":{"start":{"line":31,"column":21},"end":{"line":31,"column":22}},"loc":{"start":{"line":32,"column":6},"end":{"line":32,"column":70}},"line":32}},"branchMap":{"0":{"loc":{"start":{"line":15,"column":17},"end":{"line":15,"column":59}},"type":"cond-expr","locations":[{"start":{"line":15,"column":42},"end":{"line":15,"column":49}},{"start":{"line":15,"column":52},"end":{"line":15,"column":59}}],"line":15},"1":{"loc":{"start":{"line":24,"column":4},"end":{"line":26,"column":5}},"type":"if","locations":[{"start":{"line":24,"column":4},"end":{"line":26,"column":5}},{"start":{},"end":{}}],"line":24},"2":{"loc":{"start":{"line":24,"column":8},"end":{"line":24,"column":30}},"type":"binary-expr","locations":[{"start":{"line":24,"column":8},"end":{"line":24,"column":18}},{"start":{"line":24,"column":22},"end":{"line":24,"column":30}}],"line":24},"3":{"loc":{"start":{"line":37,"column":22},"end":{"line":37,"column":88}},"type":"cond-expr","locations":[{"start":{"line":37,"column":36},"end":{"line":37,"column":81}},{"start":{"line":37,"column":84},"end":{"line":37,"column":88}}],"line":37},"4":{"loc":{"start":{"line":40,"column":21},"end":{"line":40,"column":81}},"type":"cond-expr","locations":[{"start":{"line":40,"column":35},"end":{"line":40,"column":76}},{"start":{"line":40,"column":79},"end":{"line":40,"column":81}}],"line":40}},"s":{"0":9,"1":9,"2":9,"3":9,"4":9,"5":9,"6":4,"7":5,"8":5,"9":5,"10":10,"11":5,"12":5,"13":5,"14":5,"15":5,"16":5,"17":5},"f":{"0":9,"1":9,"2":10},"b":{"0":[9,0],"1":[4,5],"2":[9,5],"3":[5,0],"4":[3,2]},"_coverageSchema":"1a1c01bbd47fc00a2c39e90264f33305004495a9","hash":"4edaeb549523f7d94a50b26fee6c40f0641c7239"}
,"/Users/nguyendangkhoa/kim-ngan-phat/tappy-pos/mobile/src/hooks/useFeature.ts": {"path":"/Users/nguyendangkhoa/kim-ngan-phat/tappy-pos/mobile/src/hooks/useFeature.ts","statementMap":{"0":{"start":{"line":5,"column":2},"end":{"line":5,"column":63}},"1":{"start":{"line":5,"column":29},"end":{"line":5,"column":61}},"2":{"start":{"line":10,"column":19},"end":{"line":10,"column":50}},"3":{"start":{"line":10,"column":39},"end":{"line":10,"column":49}},"4":{"start":{"line":11,"column":2},"end":{"line":11,"column":45}},"5":{"start":{"line":11,"column":24},"end":{"line":11,"column":44}},"6":{"start":{"line":16,"column":2},"end":{"line":16,"column":80}},"7":{"start":{"line":16,"column":29},"end":{"line":16,"column":78}},"8":{"start":{"line":16,"column":55},"end":{"line":16,"column":77}},"9":{"start":{"line":21,"column":2},"end":{"line":21,"column":79}},"10":{"start":{"line":21,"column":29},"end":{"line":21,"column":77}},"11":{"start":{"line":21,"column":54},"end":{"line":21,"column":76}}},"fnMap":{"0":{"name":"useFeature","decl":{"start":{"line":4,"column":16},"end":{"line":4,"column":26}},"loc":{"start":{"line":4,"column":57},"end":{"line":6,"column":1}},"line":4},"1":{"name":"(anonymous_1)","decl":{"start":{"line":5,"column":22},"end":{"line":5,"column":23}},"loc":{"start":{"line":5,"column":29},"end":{"line":5,"column":61}},"line":5},"2":{"name":"useFeatureCheck","decl":{"start":{"line":9,"column":16},"end":{"line":9,"column":31}},"loc":{"start":{"line":9,"column":64},"end":{"line":12,"column":1}},"line":9},"3":{"name":"(anonymous_3)","decl":{"start":{"line":10,"column":32},"end":{"line":10,"column":33}},"loc":{"start":{"line":10,"column":39},"end":{"line":10,"column":49}},"line":10},"4":{"name":"(anonymous_4)","decl":{"start":{"line":11,"column":9},"end":{"line":11,"column":10}},"loc":{"start":{"line":11,"column":24},"end":{"line":11,"column":44}},"line":11},"5":{"name":"useFeatures","decl":{"start":{"line":15,"column":16},"end":{"line":15,"column":27}},"loc":{"start":{"line":15,"column":61},"end":{"line":17,"column":1}},"line":15},"6":{"name":"(anonymous_6)","decl":{"start":{"line":16,"column":22},"end":{"line":16,"column":23}},"loc":{"start":{"line":16,"column":29},"end":{"line":16,"column":78}},"line":16},"7":{"name":"(anonymous_7)","decl":{"start":{"line":16,"column":48},"end":{"line":16,"column":49}},"loc":{"start":{"line":16,"column":55},"end":{"line":16,"column":77}},"line":16},"8":{"name":"useAnyFeature","decl":{"start":{"line":20,"column":16},"end":{"line":20,"column":29}},"loc":{"start":{"line":20,"column":63},"end":{"line":22,"column":1}},"line":20},"9":{"name":"(anonymous_9)","decl":{"start":{"line":21,"column":22},"end":{"line":21,"column":23}},"loc":{"start":{"line":21,"column":29},"end":{"line":21,"column":77}},"line":21},"10":{"name":"(anonymous_10)","decl":{"start":{"line":21,"column":47},"end":{"line":21,"column":48}},"loc":{"start":{"line":21,"column":54},"end":{"line":21,"column":76}},"line":21}},"branchMap":{},"s":{"0":4,"1":12,"2":1,"3":3,"4":1,"5":2,"6":3,"7":9,"8":12,"9":3,"10":9,"11":9},"f":{"0":4,"1":12,"2":1,"3":3,"4":2,"5":3,"6":9,"7":12,"8":3,"9":9,"10":9},"b":{},"_coverageSchema":"1a1c01bbd47fc00a2c39e90264f33305004495a9","hash":"7b604eaa58535009cd6ca438e3f1c286b7b604c2"}
,"/Users/nguyendangkhoa/kim-ngan-phat/tappy-pos/mobile/src/hooks/useLanguage.ts": {"path":"/Users/nguyendangkhoa/kim-ngan-phat/tappy-pos/mobile/src/hooks/useLanguage.ts","statementMap":{"0":{"start":{"line":5,"column":36},"end":{"line":5,"column":51}},"1":{"start":{"line":8,"column":13},"end":{"line":8,"column":18}},"2":{"start":{"line":13,"column":34},"end":{"line":15,"column":3}},"3":{"start":{"line":17,"column":2},"end":{"line":33,"column":9}},"4":{"start":{"line":19,"column":22},"end":{"line":19,"column":78}},"5":{"start":{"line":19,"column":39},"end":{"line":19,"column":78}},"6":{"start":{"line":20,"column":4},"end":{"line":20,"column":42}},"7":{"start":{"line":23,"column":4},"end":{"line":30,"column":5}},"8":{"start":{"line":24,"column":6},"end":{"line":24,"column":20}},"9":{"start":{"line":25,"column":6},"end":{"line":29,"column":9}},"10":{"start":{"line":26,"column":8},"end":{"line":28,"column":9}},"11":{"start":{"line":27,"column":10},"end":{"line":27,"column":37}},"12":{"start":{"line":32,"column":4},"end":{"line":32,"column":56}},"13":{"start":{"line":32,"column":17},"end":{"line":32,"column":55}},"14":{"start":{"line":35,"column":25},"end":{"line":38,"column":3}},"15":{"start":{"line":36,"column":4},"end":{"line":36,"column":59}},"16":{"start":{"line":37,"column":4},"end":{"line":37,"column":36}},"17":{"start":{"line":40,"column":2},"end":{"line":40,"column":38}}},"fnMap":{"0":{"name":"useLanguage","decl":{"start":{"line":12,"column":16},"end":{"line":12,"column":27}},"loc":{"start":{"line":12,"column":30},"end":{"line":41,"column":1}},"line":12},"1":{"name":"(anonymous_1)","decl":{"start":{"line":17,"column":12},"end":{"line":17,"column":13}},"loc":{"start":{"line":17,"column":18},"end":{"line":33,"column":3}},"line":17},"2":{"name":"(anonymous_2)","decl":{"start":{"line":19,"column":22},"end":{"line":19,"column":23}},"loc":{"start":{"line":19,"column":39},"end":{"line":19,"column":78}},"line":19},"3":{"name":"(anonymous_3)","decl":{"start":{"line":25,"column":54},"end":{"line":25,"column":55}},"loc":{"start":{"line":25,"column":65},"end":{"line":29,"column":7}},"line":25},"4":{"name":"(anonymous_4)","decl":{"start":{"line":32,"column":11},"end":{"line":32,"column":12}},"loc":{"start":{"line":32,"column":17},"end":{"line":32,"column":55}},"line":32},"5":{"name":"(anonymous_5)","decl":{"start":{"line":35,"column":25},"end":{"line":35,"column":26}},"loc":{"start":{"line":35,"column":54},"end":{"line":38,"column":3}},"line":35}},"branchMap":{"0":{"loc":{"start":{"line":14,"column":4},"end":{"line":14,"column":40}},"type":"cond-expr","locations":[{"start":{"line":14,"column":29},"end":{"line":14,"column":33}},{"start":{"line":14,"column":36},"end":{"line":14,"column":40}}],"line":14},"1":{"loc":{"start":{"line":19,"column":51},"end":{"line":19,"column":77}},"type":"cond-expr","locations":[{"start":{"line":19,"column":66},"end":{"line":19,"column":70}},{"start":{"line":19,"column":73},"end":{"line":19,"column":77}}],"line":19},"2":{"loc":{"start":{"line":23,"column":4},"end":{"line":30,"column":5}},"type":"if","locations":[{"start":{"line":23,"column":4},"end":{"line":30,"column":5}},{"start":{},"end":{}}],"line":23},"3":{"loc":{"start":{"line":26,"column":8},"end":{"line":28,"column":9}},"type":"if","locations":[{"start":{"line":26,"column":8},"end":{"line":28,"column":9}},{"start":{},"end":{}}],"line":26},"4":{"loc":{"start":{"line":26,"column":12},"end":{"line":26,"column":44}},"type":"binary-expr","locations":[{"start":{"line":26,"column":12},"end":{"line":26,"column":26}},{"start":{"line":26,"column":30},"end":{"line":26,"column":44}}],"line":26}},"s":{"0":1,"1":1,"2":4,"3":4,"4":4,"5":0,"6":4,"7":4,"8":1,"9":1,"10":1,"11":0,"12":4,"13":4,"14":4,"15":1,"16":1,"17":4},"f":{"0":4,"1":4,"2":0,"3":1,"4":4,"5":1},"b":{"0":[0,4],"1":[0,0],"2":[1,3],"3":[0,1],"4":[1,1]},"_coverageSchema":"1a1c01bbd47fc00a2c39e90264f33305004495a9","hash":"2901ebe088895a8a0664c6139530fbdf0642fb84"}
,"/Users/nguyendangkhoa/kim-ngan-phat/tappy-pos/mobile/src/hooks/useTourGuide.ts": {"path":"/Users/nguyendangkhoa/kim-ngan-phat/tappy-pos/mobile/src/hooks/useTourGuide.ts","statementMap":{"0":{"start":{"line":4,"column":15},"end":{"line":4,"column":27}},"1":{"start":{"line":15,"column":32},"end":{"line":15,"column":47}},"2":{"start":{"line":17,"column":2},"end":{"line":26,"column":18}},"3":{"start":{"line":18,"column":20},"end":{"line":18,"column":25}},"4":{"start":{"line":19,"column":4},"end":{"line":24,"column":7}},"5":{"start":{"line":20,"column":6},"end":{"line":23,"column":7}},"6":{"start":{"line":21,"column":18},"end":{"line":21,"column":57}},"7":{"start":{"line":21,"column":35},"end":{"line":21,"column":51}},"8":{"start":{"line":22,"column":8},"end":{"line":22,"column":37}},"9":{"start":{"line":22,"column":21},"end":{"line":22,"column":36}},"10":{"start":{"line":25,"column":4},"end":{"line":25,"column":39}},"11":{"start":{"line":25,"column":19},"end":{"line":25,"column":36}},"12":{"start":{"line":28,"column":15},"end":{"line":31,"column":3}},"13":{"start":{"line":29,"column":4},"end":{"line":29,"column":54}},"14":{"start":{"line":30,"column":4},"end":{"line":30,"column":22}},"15":{"start":{"line":33,"column":2},"end":{"line":33,"column":27}}},"fnMap":{"0":{"name":"useTourGuide","decl":{"start":{"line":14,"column":16},"end":{"line":14,"column":28}},"loc":{"start":{"line":14,"column":48},"end":{"line":34,"column":1}},"line":14},"1":{"name":"(anonymous_1)","decl":{"start":{"line":17,"column":12},"end":{"line":17,"column":13}},"loc":{"start":{"line":17,"column":18},"end":{"line":26,"column":3}},"line":17},"2":{"name":"(anonymous_2)","decl":{"start":{"line":19,"column":54},"end":{"line":19,"column":55}},"loc":{"start":{"line":19,"column":63},"end":{"line":24,"column":5}},"line":19},"3":{"name":"(anonymous_3)","decl":{"start":{"line":21,"column":29},"end":{"line":21,"column":30}},"loc":{"start":{"line":21,"column":35},"end":{"line":21,"column":51}},"line":21},"4":{"name":"(anonymous_4)","decl":{"start":{"line":22,"column":15},"end":{"line":22,"column":16}},"loc":{"start":{"line":22,"column":21},"end":{"line":22,"column":36}},"line":22},"5":{"name":"(anonymous_5)","decl":{"start":{"line":25,"column":11},"end":{"line":25,"column":12}},"loc":{"start":{"line":25,"column":17},"end":{"line":25,"column":38}},"line":25},"6":{"name":"(anonymous_6)","decl":{"start":{"line":28,"column":15},"end":{"line":28,"column":16}},"loc":{"start":{"line":28,"column":21},"end":{"line":31,"column":3}},"line":28}},"branchMap":{"0":{"loc":{"start":{"line":20,"column":6},"end":{"line":23,"column":7}},"type":"if","locations":[{"start":{"line":20,"column":6},"end":{"line":23,"column":7}},{"start":{},"end":{}}],"line":20},"1":{"loc":{"start":{"line":20,"column":10},"end":{"line":20,"column":28}},"type":"binary-expr","locations":[{"start":{"line":20,"column":10},"end":{"line":20,"column":20}},{"start":{"line":20,"column":24},"end":{"line":20,"column":28}}],"line":20}},"s":{"0":1,"1":7,"2":7,"3":4,"4":4,"5":4,"6":3,"7":2,"8":3,"9":0,"10":4,"11":4,"12":7,"13":1,"14":1,"15":7},"f":{"0":7,"1":4,"2":4,"3":2,"4":0,"5":4,"6":1},"b":{"0":[3,1],"1":[4,4]},"_coverageSchema":"1a1c01bbd47fc00a2c39e90264f33305004495a9","hash":"39e3b48906ba7073e33ccff56416b8b1c933401c"}
,"/Users/nguyendangkhoa/kim-ngan-phat/tappy-pos/mobile/src/services/authSession.ts": {"path":"/Users/nguyendangkhoa/kim-ngan-phat/tappy-pos/mobile/src/services/authSession.ts","statementMap":{"0":{"start":{"line":5,"column":41},"end":{"line":5,"column":45}},"1":{"start":{"line":8,"column":2},"end":{"line":8,"column":15}},"2":{"start":{"line":12,"column":2},"end":{"line":12,"column":37}},"3":{"start":{"line":12,"column":15},"end":{"line":12,"column":37}}},"fnMap":{"0":{"name":"registerForceLogout","decl":{"start":{"line":7,"column":16},"end":{"line":7,"column":35}},"loc":{"start":{"line":7,"column":60},"end":{"line":9,"column":1}},"line":7},"1":{"name":"forceLogout","decl":{"start":{"line":11,"column":22},"end":{"line":11,"column":33}},"loc":{"start":{"line":11,"column":76},"end":{"line":13,"column":1}},"line":11}},"branchMap":{"0":{"loc":{"start":{"line":11,"column":34},"end":{"line":11,"column":74}},"type":"default-arg","locations":[{"start":{"line":11,"column":57},"end":{"line":11,"column":74}}],"line":11},"1":{"loc":{"start":{"line":12,"column":2},"end":{"line":12,"column":37}},"type":"if","locations":[{"start":{"line":12,"column":2},"end":{"line":12,"column":37}},{"start":{},"end":{}}],"line":12}},"s":{"0":3,"1":7,"2":4,"3":4},"f":{"0":7,"1":4},"b":{"0":[1],"1":[4,0]},"_coverageSchema":"1a1c01bbd47fc00a2c39e90264f33305004495a9","hash":"ebe32f91aa932822bb24145da2b71048d7b51526"}
,"/Users/nguyendangkhoa/kim-ngan-phat/tappy-pos/mobile/src/store/alertStore.ts": {"path":"/Users/nguyendangkhoa/kim-ngan-phat/tappy-pos/mobile/src/store/alertStore.ts","statementMap":{"0":{"start":{"line":18,"column":29},"end":{"line":28,"column":3}},"1":{"start":{"line":18,"column":58},"end":{"line":28,"column":1}},"2":{"start":{"line":25,"column":4},"end":{"line":25,"column":51}},"3":{"start":{"line":27,"column":14},"end":{"line":27,"column":37}}},"fnMap":{"0":{"name":"(anonymous_0)","decl":{"start":{"line":18,"column":48},"end":{"line":18,"column":49}},"loc":{"start":{"line":18,"column":58},"end":{"line":28,"column":1}},"line":18},"1":{"name":"(anonymous_1)","decl":{"start":{"line":24,"column":8},"end":{"line":24,"column":9}},"loc":{"start":{"line":25,"column":4},"end":{"line":25,"column":51}},"line":25},"2":{"name":"(anonymous_2)","decl":{"start":{"line":27,"column":8},"end":{"line":27,"column":9}},"loc":{"start":{"line":27,"column":14},"end":{"line":27,"column":37}},"line":27}},"branchMap":{"0":{"loc":{"start":{"line":24,"column":25},"end":{"line":24,"column":52}},"type":"default-arg","locations":[{"start":{"line":24,"column":35},"end":{"line":24,"column":52}}],"line":24}},"s":{"0":2,"1":2,"2":10,"3":4},"f":{"0":2,"1":10,"2":4},"b":{"0":[5]},"_coverageSchema":"1a1c01bbd47fc00a2c39e90264f33305004495a9","hash":"bfb3c75499e9bfed30ce39c6ca43dba552ae7eb7"}
,"/Users/nguyendangkhoa/kim-ngan-phat/tappy-pos/mobile/src/store/authStore.ts": {"path":"/Users/nguyendangkhoa/kim-ngan-phat/tappy-pos/mobile/src/store/authStore.ts","statementMap":{"0":{"start":{"line":24,"column":28},"end":{"line":114,"column":3}},"1":{"start":{"line":24,"column":56},"end":{"line":114,"column":1}},"2":{"start":{"line":34,"column":35},"end":{"line":34,"column":90}},"3":{"start":{"line":35,"column":4},"end":{"line":35,"column":90}},"4":{"start":{"line":35,"column":22},"end":{"line":35,"column":90}},"5":{"start":{"line":37,"column":24},"end":{"line":37,"column":52}},"6":{"start":{"line":38,"column":21},"end":{"line":38,"column":49}},"7":{"start":{"line":40,"column":34},"end":{"line":40,"column":45}},"8":{"start":{"line":41,"column":4},"end":{"line":52,"column":5}},"9":{"start":{"line":42,"column":6},"end":{"line":42,"column":69}},"10":{"start":{"line":46,"column":21},"end":{"line":46,"column":82}},"11":{"start":{"line":46,"column":77},"end":{"line":46,"column":81}},"12":{"start":{"line":47,"column":6},"end":{"line":47,"column":32}},"13":{"start":{"line":48,"column":6},"end":{"line":51,"column":7}},"14":{"start":{"line":50,"column":8},"end":{"line":50,"column":61}},"15":{"start":{"line":54,"column":4},"end":{"line":54,"column":29}},"16":{"start":{"line":55,"column":4},"end":{"line":55,"column":55}},"17":{"start":{"line":59,"column":4},"end":{"line":59,"column":51}},"18":{"start":{"line":60,"column":4},"end":{"line":60,"column":32}},"19":{"start":{"line":64,"column":4},"end":{"line":68,"column":5}},"20":{"start":{"line":65,"column":6},"end":{"line":65,"column":60}},"21":{"start":{"line":67,"column":6},"end":{"line":67,"column":55}},"22":{"start":{"line":69,"column":4},"end":{"line":69,"column":31}},"23":{"start":{"line":73,"column":4},"end":{"line":77,"column":5}},"24":{"start":{"line":74,"column":6},"end":{"line":74,"column":66}},"25":{"start":{"line":76,"column":6},"end":{"line":76,"column":61}},"26":{"start":{"line":78,"column":4},"end":{"line":78,"column":37}},"27":{"start":{"line":84,"column":4},"end":{"line":87,"column":7}},"28":{"start":{"line":88,"column":4},"end":{"line":88,"column":69}},"29":{"start":{"line":91,"column":36},"end":{"line":91,"column":72}},"30":{"start":{"line":94,"column":79},"end":{"line":100,"column":6}},"31":{"start":{"line":102,"column":27},"end":{"line":102,"column":72}},"32":{"start":{"line":103,"column":21},"end":{"line":103,"column":68}},"33":{"start":{"line":105,"column":4},"end":{"line":112,"column":7}},"34":{"start":{"line":116,"column":0},"end":{"line":124,"column":3}},"35":{"start":{"line":117,"column":16},"end":{"line":117,"column":39}},"36":{"start":{"line":118,"column":2},"end":{"line":123,"column":3}},"37":{"start":{"line":119,"column":4},"end":{"line":119,"column":25}},"38":{"start":{"line":120,"column":4},"end":{"line":120,"column":72}},"39":{"start":{"line":122,"column":4},"end":{"line":122,"column":25}}},"fnMap":{"0":{"name":"(anonymous_0)","decl":{"start":{"line":24,"column":46},"end":{"line":24,"column":47}},"loc":{"start":{"line":24,"column":56},"end":{"line":114,"column":1}},"line":24},"1":{"name":"(anonymous_1)","decl":{"start":{"line":33,"column":20},"end":{"line":33,"column":21}},"loc":{"start":{"line":33,"column":61},"end":{"line":56,"column":3}},"line":33},"2":{"name":"(anonymous_2)","decl":{"start":{"line":46,"column":71},"end":{"line":46,"column":72}},"loc":{"start":{"line":46,"column":77},"end":{"line":46,"column":81}},"line":46},"3":{"name":"(anonymous_3)","decl":{"start":{"line":58,"column":18},"end":{"line":58,"column":19}},"loc":{"start":{"line":58,"column":35},"end":{"line":61,"column":3}},"line":58},"4":{"name":"(anonymous_4)","decl":{"start":{"line":63,"column":17},"end":{"line":63,"column":18}},"loc":{"start":{"line":63,"column":34},"end":{"line":70,"column":3}},"line":63},"5":{"name":"(anonymous_5)","decl":{"start":{"line":72,"column":23},"end":{"line":72,"column":24}},"loc":{"start":{"line":72,"column":40},"end":{"line":79,"column":3}},"line":72},"6":{"name":"(anonymous_6)","decl":{"start":{"line":81,"column":10},"end":{"line":81,"column":11}},"loc":{"start":{"line":81,"column":22},"end":{"line":89,"column":3}},"line":81},"7":{"name":"(anonymous_7)","decl":{"start":{"line":91,"column":30},"end":{"line":91,"column":31}},"loc":{"start":{"line":91,"column":36},"end":{"line":91,"column":72}},"line":91},"8":{"name":"(anonymous_8)","decl":{"start":{"line":93,"column":22},"end":{"line":93,"column":23}},"loc":{"start":{"line":93,"column":34},"end":{"line":113,"column":3}},"line":93},"9":{"name":"(anonymous_9)","decl":{"start":{"line":116,"column":20},"end":{"line":116,"column":21}},"loc":{"start":{"line":116,"column":38},"end":{"line":124,"column":1}},"line":116}},"branchMap":{"0":{"loc":{"start":{"line":35,"column":4},"end":{"line":35,"column":90}},"type":"if","locations":[{"start":{"line":35,"column":4},"end":{"line":35,"column":90}},{"start":{},"end":{}}],"line":35},"1":{"loc":{"start":{"line":41,"column":4},"end":{"line":52,"column":5}},"type":"if","locations":[{"start":{"line":41,"column":4},"end":{"line":52,"column":5}},{"start":{"line":43,"column":11},"end":{"line":52,"column":5}}],"line":41},"2":{"loc":{"start":{"line":47,"column":17},"end":{"line":47,"column":31}},"type":"binary-expr","locations":[{"start":{"line":47,"column":17},"end":{"line":47,"column":23}},{"start":{"line":47,"column":27},"end":{"line":47,"column":31}}],"line":47},"3":{"loc":{"start":{"line":48,"column":6},"end":{"line":51,"column":7}},"type":"if","locations":[{"start":{"line":48,"column":6},"end":{"line":51,"column":7}},{"start":{},"end":{}}],"line":48},"4":{"loc":{"start":{"line":64,"column":4},"end":{"line":68,"column":5}},"type":"if","locations":[{"start":{"line":64,"column":4},"end":{"line":68,"column":5}},{"start":{"line":66,"column":11},"end":{"line":68,"column":5}}],"line":64},"5":{"loc":{"start":{"line":73,"column":4},"end":{"line":77,"column":5}},"type":"if","locations":[{"start":{"line":73,"column":4},"end":{"line":77,"column":5}},{"start":{"line":75,"column":11},"end":{"line":77,"column":5}}],"line":73},"6":{"loc":{"start":{"line":102,"column":27},"end":{"line":102,"column":72}},"type":"binary-expr","locations":[{"start":{"line":102,"column":27},"end":{"line":102,"column":47}},{"start":{"line":102,"column":51},"end":{"line":102,"column":72}}],"line":102},"7":{"loc":{"start":{"line":103,"column":21},"end":{"line":103,"column":68}},"type":"cond-expr","locations":[{"start":{"line":103,"column":35},"end":{"line":103,"column":63}},{"start":{"line":103,"column":66},"end":{"line":103,"column":68}}],"line":103},"8":{"loc":{"start":{"line":106,"column":23},"end":{"line":106,"column":55}},"type":"binary-expr","locations":[{"start":{"line":106,"column":23},"end":{"line":106,"column":38}},{"start":{"line":106,"column":42},"end":{"line":106,"column":55}}],"line":106},"9":{"loc":{"start":{"line":107,"column":19},"end":{"line":107,"column":38}},"type":"binary-expr","locations":[{"start":{"line":107,"column":19},"end":{"line":107,"column":30}},{"start":{"line":107,"column":34},"end":{"line":107,"column":38}}],"line":107},"10":{"loc":{"start":{"line":110,"column":16},"end":{"line":110,"column":32}},"type":"binary-expr","locations":[{"start":{"line":110,"column":16},"end":{"line":110,"column":24}},{"start":{"line":110,"column":28},"end":{"line":110,"column":32}}],"line":110},"11":{"loc":{"start":{"line":118,"column":2},"end":{"line":123,"column":3}},"type":"if","locations":[{"start":{"line":118,"column":2},"end":{"line":123,"column":3}},{"start":{"line":121,"column":9},"end":{"line":123,"column":3}}],"line":118}},"s":{"0":2,"1":2,"2":5,"3":5,"4":1,"5":5,"6":5,"7":5,"8":5,"9":2,"10":3,"11":0,"12":3,"13":3,"14":3,"15":5,"16":5,"17":0,"18":0,"19":2,"20":1,"21":1,"22":2,"23":0,"24":0,"25":0,"26":0,"27":4,"28":4,"29":1,"30":4,"31":4,"32":4,"33":4,"34":2,"35":0,"36":0,"37":0,"38":0,"39":0},"f":{"0":2,"1":5,"2":0,"3":0,"4":2,"5":0,"6":4,"7":1,"8":4,"9":0},"b":{"0":[1,4],"1":[2,3],"2":[3,3],"3":[3,0],"4":[1,1],"5":[0,0],"6":[4,2],"7":[2,2],"8":[4,3],"9":[4,2],"10":[4,4],"11":[0,0]},"_coverageSchema":"1a1c01bbd47fc00a2c39e90264f33305004495a9","hash":"8856d513c7254f2603ce4830d52257abf72bfe97"}
,"/Users/nguyendangkhoa/kim-ngan-phat/tappy-pos/mobile/src/store/cartStore.ts": {"path":"/Users/nguyendangkhoa/kim-ngan-phat/tappy-pos/mobile/src/store/cartStore.ts","statementMap":{"0":{"start":{"line":26,"column":28},"end":{"line":69,"column":3}},"1":{"start":{"line":26,"column":61},"end":{"line":69,"column":1}},"2":{"start":{"line":32,"column":4},"end":{"line":42,"column":6}},"3":{"start":{"line":33,"column":23},"end":{"line":33,"column":78}},"4":{"start":{"line":33,"column":47},"end":{"line":33,"column":77}},"5":{"start":{"line":34,"column":6},"end":{"line":40,"column":7}},"6":{"start":{"line":35,"column":8},"end":{"line":39,"column":10}},"7":{"start":{"line":37,"column":12},"end":{"line":37,"column":83}},"8":{"start":{"line":41,"column":6},"end":{"line":41,"column":84}},"9":{"start":{"line":45,"column":4},"end":{"line":50,"column":7}},"10":{"start":{"line":45,"column":20},"end":{"line":50,"column":5}},"11":{"start":{"line":48,"column":38},"end":{"line":48,"column":63}},"12":{"start":{"line":49,"column":36},"end":{"line":49,"column":91}},"13":{"start":{"line":53,"column":4},"end":{"line":53,"column":85}},"14":{"start":{"line":53,"column":20},"end":{"line":53,"column":83}},"15":{"start":{"line":53,"column":55},"end":{"line":53,"column":80}},"16":{"start":{"line":56,"column":4},"end":{"line":58,"column":7}},"17":{"start":{"line":56,"column":20},"end":{"line":58,"column":5}},"18":{"start":{"line":57,"column":37},"end":{"line":57,"column":89}},"19":{"start":{"line":60,"column":32},"end":{"line":60,"column":66}},"20":{"start":{"line":62,"column":19},"end":{"line":62,"column":67}},"21":{"start":{"line":65,"column":18},"end":{"line":65,"column":23}},"22":{"start":{"line":66,"column":21},"end":{"line":66,"column":82}},"23":{"start":{"line":66,"column":52},"end":{"line":66,"column":78}},"24":{"start":{"line":67,"column":4},"end":{"line":67,"column":50}}},"fnMap":{"0":{"name":"(anonymous_0)","decl":{"start":{"line":26,"column":46},"end":{"line":26,"column":47}},"loc":{"start":{"line":26,"column":61},"end":{"line":69,"column":1}},"line":26},"1":{"name":"(anonymous_1)","decl":{"start":{"line":31,"column":11},"end":{"line":31,"column":12}},"loc":{"start":{"line":32,"column":4},"end":{"line":42,"column":6}},"line":32},"2":{"name":"(anonymous_2)","decl":{"start":{"line":32,"column":8},"end":{"line":32,"column":9}},"loc":{"start":{"line":32,"column":19},"end":{"line":42,"column":5}},"line":32},"3":{"name":"(anonymous_3)","decl":{"start":{"line":33,"column":40},"end":{"line":33,"column":41}},"loc":{"start":{"line":33,"column":47},"end":{"line":33,"column":77}},"line":33},"4":{"name":"(anonymous_4)","decl":{"start":{"line":36,"column":33},"end":{"line":36,"column":34}},"loc":{"start":{"line":37,"column":12},"end":{"line":37,"column":83}},"line":37},"5":{"name":"(anonymous_5)","decl":{"start":{"line":44,"column":13},"end":{"line":44,"column":14}},"loc":{"start":{"line":45,"column":4},"end":{"line":50,"column":7}},"line":45},"6":{"name":"(anonymous_6)","decl":{"start":{"line":45,"column":8},"end":{"line":45,"column":9}},"loc":{"start":{"line":45,"column":20},"end":{"line":50,"column":5}},"line":45},"7":{"name":"(anonymous_7)","decl":{"start":{"line":48,"column":31},"end":{"line":48,"column":32}},"loc":{"start":{"line":48,"column":38},"end":{"line":48,"column":63}},"line":48},"8":{"name":"(anonymous_8)","decl":{"start":{"line":49,"column":28},"end":{"line":49,"column":29}},"loc":{"start":{"line":49,"column":36},"end":{"line":49,"column":91}},"line":49},"9":{"name":"(anonymous_9)","decl":{"start":{"line":52,"column":14},"end":{"line":52,"column":15}},"loc":{"start":{"line":53,"column":4},"end":{"line":53,"column":85}},"line":53},"10":{"name":"(anonymous_10)","decl":{"start":{"line":53,"column":8},"end":{"line":53,"column":9}},"loc":{"start":{"line":53,"column":20},"end":{"line":53,"column":83}},"line":53},"11":{"name":"(anonymous_11)","decl":{"start":{"line":53,"column":48},"end":{"line":53,"column":49}},"loc":{"start":{"line":53,"column":55},"end":{"line":53,"column":80}},"line":53},"12":{"name":"(anonymous_12)","decl":{"start":{"line":55,"column":17},"end":{"line":55,"column":18}},"loc":{"start":{"line":56,"column":4},"end":{"line":58,"column":7}},"line":56},"13":{"name":"(anonymous_13)","decl":{"start":{"line":56,"column":8},"end":{"line":56,"column":9}},"loc":{"start":{"line":56,"column":20},"end":{"line":58,"column":5}},"line":56},"14":{"name":"(anonymous_14)","decl":{"start":{"line":57,"column":29},"end":{"line":57,"column":30}},"loc":{"start":{"line":57,"column":37},"end":{"line":57,"column":89}},"line":57},"15":{"name":"(anonymous_15)","decl":{"start":{"line":60,"column":12},"end":{"line":60,"column":13}},"loc":{"start":{"line":60,"column":32},"end":{"line":60,"column":66}},"line":60},"16":{"name":"(anonymous_16)","decl":{"start":{"line":62,"column":13},"end":{"line":62,"column":14}},"loc":{"start":{"line":62,"column":19},"end":{"line":62,"column":67}},"line":62},"17":{"name":"(anonymous_17)","decl":{"start":{"line":64,"column":12},"end":{"line":64,"column":13}},"loc":{"start":{"line":64,"column":18},"end":{"line":68,"column":3}},"line":64},"18":{"name":"(anonymous_18)","decl":{"start":{"line":66,"column":40},"end":{"line":66,"column":41}},"loc":{"start":{"line":66,"column":52},"end":{"line":66,"column":78}},"line":66}},"branchMap":{"0":{"loc":{"start":{"line":34,"column":6},"end":{"line":40,"column":7}},"type":"if","locations":[{"start":{"line":34,"column":6},"end":{"line":40,"column":7}},{"start":{},"end":{}}],"line":34},"1":{"loc":{"start":{"line":37,"column":12},"end":{"line":37,"column":83}},"type":"cond-expr","locations":[{"start":{"line":37,"column":45},"end":{"line":37,"column":79}},{"start":{"line":37,"column":82},"end":{"line":37,"column":83}}],"line":37},"2":{"loc":{"start":{"line":41,"column":60},"end":{"line":41,"column":78}},"type":"binary-expr","locations":[{"start":{"line":41,"column":60},"end":{"line":41,"column":73}},{"start":{"line":41,"column":77},"end":{"line":41,"column":78}}],"line":41},"3":{"loc":{"start":{"line":47,"column":8},"end":{"line":49,"column":93}},"type":"cond-expr","locations":[{"start":{"line":48,"column":12},"end":{"line":48,"column":64}},{"start":{"line":49,"column":12},"end":{"line":49,"column":93}}],"line":47},"4":{"loc":{"start":{"line":49,"column":36},"end":{"line":49,"column":91}},"type":"cond-expr","locations":[{"start":{"line":49,"column":64},"end":{"line":49,"column":87}},{"start":{"line":49,"column":90},"end":{"line":49,"column":91}}],"line":49},"5":{"loc":{"start":{"line":57,"column":37},"end":{"line":57,"column":89}},"type":"cond-expr","locations":[{"start":{"line":57,"column":65},"end":{"line":57,"column":85}},{"start":{"line":57,"column":88},"end":{"line":57,"column":89}}],"line":57}},"s":{"0":1,"1":1,"2":18,"3":18,"4":4,"5":18,"6":1,"7":1,"8":17,"9":4,"10":4,"11":2,"12":2,"13":2,"14":2,"15":3,"16":1,"17":1,"18":1,"19":6,"20":1,"21":4,"22":4,"23":4,"24":4},"f":{"0":1,"1":18,"2":18,"3":4,"4":1,"5":4,"6":4,"7":2,"8":2,"9":2,"10":2,"11":3,"12":1,"13":1,"14":1,"15":6,"16":1,"17":4,"18":4},"b":{"0":[1,17],"1":[1,0],"2":[17,0],"3":[2,2],"4":[1,1],"5":[1,0]},"_coverageSchema":"1a1c01bbd47fc00a2c39e90264f33305004495a9","hash":"66e36d218be827dc815cce5443efcbe7725a7473"}
,"/Users/nguyendangkhoa/kim-ngan-phat/tappy-pos/mobile/src/store/onboardingStore.ts": {"path":"/Users/nguyendangkhoa/kim-ngan-phat/tappy-pos/mobile/src/store/onboardingStore.ts","statementMap":{"0":{"start":{"line":43,"column":21},"end":{"line":49,"column":1}},"1":{"start":{"line":51,"column":34},"end":{"line":89,"column":1}},"2":{"start":{"line":53,"column":14},"end":{"line":83,"column":5}},"3":{"start":{"line":55,"column":29},"end":{"line":55,"column":56}},"4":{"start":{"line":56,"column":26},"end":{"line":56,"column":46}},"5":{"start":{"line":57,"column":26},"end":{"line":57,"column":46}},"6":{"start":{"line":59,"column":8},"end":{"line":59,"column":77}},"7":{"start":{"line":59,"column":20},"end":{"line":59,"column":75}},"8":{"start":{"line":61,"column":8},"end":{"line":61,"column":106}},"9":{"start":{"line":61,"column":20},"end":{"line":61,"column":104}},"10":{"start":{"line":61,"column":72},"end":{"line":61,"column":99}},"11":{"start":{"line":63,"column":8},"end":{"line":69,"column":11}},"12":{"start":{"line":63,"column":20},"end":{"line":69,"column":9}},"13":{"start":{"line":66,"column":14},"end":{"line":66,"column":66}},"14":{"start":{"line":70,"column":26},"end":{"line":70,"column":46}},"15":{"start":{"line":72,"column":8},"end":{"line":72,"column":77}},"16":{"start":{"line":72,"column":20},"end":{"line":72,"column":75}},"17":{"start":{"line":74,"column":8},"end":{"line":74,"column":94}},"18":{"start":{"line":74,"column":20},"end":{"line":74,"column":92}},"19":{"start":{"line":74,"column":72},"end":{"line":74,"column":87}},"20":{"start":{"line":76,"column":8},"end":{"line":80,"column":11}},"21":{"start":{"line":76,"column":20},"end":{"line":80,"column":9}},"22":{"start":{"line":78,"column":51},"end":{"line":78,"column":91}},"23":{"start":{"line":81,"column":27},"end":{"line":81,"column":56}},"24":{"start":{"line":82,"column":19},"end":{"line":82,"column":36}},"25":{"start":{"line":86,"column":39},"end":{"line":86,"column":51}}},"fnMap":{"0":{"name":"(anonymous_0)","decl":{"start":{"line":53,"column":4},"end":{"line":53,"column":5}},"loc":{"start":{"line":53,"column":14},"end":{"line":83,"column":5}},"line":53},"1":{"name":"(anonymous_1)","decl":{"start":{"line":55,"column":19},"end":{"line":55,"column":20}},"loc":{"start":{"line":55,"column":29},"end":{"line":55,"column":56}},"line":55},"2":{"name":"(anonymous_2)","decl":{"start":{"line":56,"column":16},"end":{"line":56,"column":17}},"loc":{"start":{"line":56,"column":26},"end":{"line":56,"column":46}},"line":56},"3":{"name":"(anonymous_3)","decl":{"start":{"line":57,"column":16},"end":{"line":57,"column":17}},"loc":{"start":{"line":57,"column":26},"end":{"line":57,"column":46}},"line":57},"4":{"name":"(anonymous_4)","decl":{"start":{"line":58,"column":18},"end":{"line":58,"column":19}},"loc":{"start":{"line":59,"column":8},"end":{"line":59,"column":77}},"line":59},"5":{"name":"(anonymous_5)","decl":{"start":{"line":59,"column":12},"end":{"line":59,"column":13}},"loc":{"start":{"line":59,"column":20},"end":{"line":59,"column":75}},"line":59},"6":{"name":"(anonymous_6)","decl":{"start":{"line":60,"column":21},"end":{"line":60,"column":22}},"loc":{"start":{"line":61,"column":8},"end":{"line":61,"column":106}},"line":61},"7":{"name":"(anonymous_7)","decl":{"start":{"line":61,"column":12},"end":{"line":61,"column":13}},"loc":{"start":{"line":61,"column":20},"end":{"line":61,"column":104}},"line":61},"8":{"name":"(anonymous_8)","decl":{"start":{"line":61,"column":65},"end":{"line":61,"column":66}},"loc":{"start":{"line":61,"column":72},"end":{"line":61,"column":99}},"line":61},"9":{"name":"(anonymous_9)","decl":{"start":{"line":62,"column":21},"end":{"line":62,"column":22}},"loc":{"start":{"line":63,"column":8},"end":{"line":69,"column":11}},"line":63},"10":{"name":"(anonymous_10)","decl":{"start":{"line":63,"column":12},"end":{"line":63,"column":13}},"loc":{"start":{"line":63,"column":20},"end":{"line":69,"column":9}},"line":63},"11":{"name":"(anonymous_11)","decl":{"start":{"line":65,"column":43},"end":{"line":65,"column":44}},"loc":{"start":{"line":66,"column":14},"end":{"line":66,"column":66}},"line":66},"12":{"name":"(anonymous_12)","decl":{"start":{"line":70,"column":16},"end":{"line":70,"column":17}},"loc":{"start":{"line":70,"column":26},"end":{"line":70,"column":46}},"line":70},"13":{"name":"(anonymous_13)","decl":{"start":{"line":71,"column":18},"end":{"line":71,"column":19}},"loc":{"start":{"line":72,"column":8},"end":{"line":72,"column":77}},"line":72},"14":{"name":"(anonymous_14)","decl":{"start":{"line":72,"column":12},"end":{
[...]
mn":1}},"line":134}},"branchMap":{"0":{"loc":{"start":{"line":2,"column":2},"end":{"line":2,"column":35}},"type":"if","locations":[{"start":{"line":2,"column":2},"end":{"line":2,"column":35}},{"start":{},"end":{}}],"line":2},"1":{"loc":{"start":{"line":27,"column":2},"end":{"line":27,"column":37}},"type":"if","locations":[{"start":{"line":27,"column":2},"end":{"line":27,"column":37}},{"start":{},"end":{}}],"line":27},"2":{"loc":{"start":{"line":38,"column":2},"end":{"line":38,"column":83}},"type":"if","locations":[{"start":{"line":38,"column":2},"end":{"line":38,"column":83}},{"start":{},"end":{}}],"line":38},"3":{"loc":{"start":{"line":38,"column":31},"end":{"line":38,"column":81}},"type":"cond-expr","locations":[{"start":{"line":38,"column":39},"end":{"line":38,"column":76}},{"start":{"line":38,"column":79},"end":{"line":38,"column":81}}],"line":38},"4":{"loc":{"start":{"line":38,"column":46},"end":{"line":38,"column":75}},"type":"cond-expr","locations":[{"start":{"line":38,"column":56},"end":{"line":38,"column":61}},{"start":{"line":38,"column":64},"end":{"line":38,"column":75}}],"line":38},"5":{"loc":{"start":{"line":39,"column":34},"end":{"line":39,"column":102}},"type":"cond-expr","locations":[{"start":{"line":39,"column":42},"end":{"line":39,"column":97}},{"start":{"line":39,"column":100},"end":{"line":39,"column":102}}],"line":39},"6":{"loc":{"start":{"line":39,"column":49},"end":{"line":39,"column":96}},"type":"cond-expr","locations":[{"start":{"line":39,"column":59},"end":{"line":39,"column":64}},{"start":{"line":39,"column":67},"end":{"line":39,"column":96}}],"line":39},"7":{"loc":{"start":{"line":39,"column":67},"end":{"line":39,"column":96}},"type":"cond-expr","locations":[{"start":{"line":39,"column":77},"end":{"line":39,"column":82}},{"start":{"line":39,"column":85},"end":{"line":39,"column":96}}],"line":39},"8":{"loc":{"start":{"line":43,"column":2},"end":{"line":43,"column":33}},"type":"if","locations":[{"start":{"line":43,"column":2},"end":{"line":43,"column":33}},{"start":{},"end":{}}],"line":43},"9":{"loc":{"start":{"line":44,"column":2},"end":{"line":44,"column":36}},"type":"if","locations":[{"start":{"line":44,"column":2},"end":{"line":44,"column":36}},{"start":{},"end":{}}],"line":44},"10":{"loc":{"start":{"line":47,"column":2},"end":{"line":47,"column":46}},"type":"if","locations":[{"start":{"line":47,"column":2},"end":{"line":47,"column":46}},{"start":{},"end":{}}],"line":47},"11":{"loc":{"start":{"line":48,"column":2},"end":{"line":48,"column":65}},"type":"if","locations":[{"start":{"line":48,"column":2},"end":{"line":48,"column":65}},{"start":{},"end":{}}],"line":48},"12":{"loc":{"start":{"line":53,"column":2},"end":{"line":53,"column":31}},"type":"if","locations":[{"start":{"line":53,"column":2},"end":{"line":53,"column":31}},{"start":{},"end":{}}],"line":53},"13":{"loc":{"start":{"line":53,"column":6},"end":{"line":53,"column":19}},"type":"binary-expr","locations":[{"start":{"line":53,"column":6},"end":{"line":53,"column":8}},{"start":{"line":53,"column":12},"end":{"line":53,"column":19}}],"line":53},"14":{"loc":{"start":{"line":60,"column":2},"end":{"line":60,"column":56}},"type":"if","locations":[{"start":{"line":60,"column":2},"end":{"line":60,"column":56}},{"start":{},"end":{}}],"line":60},"15":{"loc":{"start":{"line":61,"column":2},"end":{"line":61,"column":62}},"type":"if","locations":[{"start":{"line":61,"column":2},"end":{"line":61,"column":62}},{"start":{},"end":{}}],"line":61},"16":{"loc":{"start":{"line":62,"column":2},"end":{"line":62,"column":60}},"type":"if","locations":[{"start":{"line":62,"column":2},"end":{"line":62,"column":60}},{"start":{},"end":{}}],"line":62},"17":{"loc":{"start":{"line":63,"column":2},"end":{"line":66,"column":3}},"type":"if","locations":[{"start":{"line":63,"column":2},"end":{"line":66,"column":3}},{"start":{},"end":{}}],"line":63},"18":{"loc":{"start":{"line":64,"column":4},"end":{"line":65,"column":41}},"type":"if","locations":[{"start":{"line":64,"column":4},"end":{"line":65,"column":41}},{"start":{"line":65,"column":9},"end":{"line":65,"column":41}}],"line":64},"19":{"loc":{"start":{"line":64,"column":8},"end":{"line":64,"column":37}},"type":"binary-expr","locations":[{"start":{"line":64,"column":8},"end":{"line":64,"column":24}},{"start":{"line":64,"column":28},"end":{"line":64,"column":37}}],"line":64},"20":{"loc":{"start":{"line":79,"column":2},"end":{"line":79,"column":32}},"type":"if","locations":[{"start":{"line":79,"column":2},"end":{"line":79,"column":32}},{"start":{},"end":{}}],"line":79},"21":{"loc":{"start":{"line":80,"column":2},"end":{"line":84,"column":3}},"type":"if","locations":[{"start":{"line":80,"column":2},"end":{"line":84,"column":3}},{"start":{},"end":{}}],"line":80},"22":{"loc":{"start":{"line":83,"column":28},"end":{"line":83,"column":65}},"type":"cond-expr","locations":[{"start":{"line":83,"column":40},"end":{"line":83,"column":60}},{"start":{"line":83,"column":63},"end":{"line":83,"column":65}}],"line":83},"23":{"loc":{"start":{"line":87,"column":36},"end":{"line":87,"column":77}},"type":"cond-expr","locations":[{"start":{"line":87,"column":46},"end":{"line":87,"column":72}},{"start":{"line":87,"column":75},"end":{"line":87,"column":77}}],"line":87},"24":{"loc":{"start":{"line":91,"column":2},"end":{"line":91,"column":31}},"type":"if","locations":[{"start":{"line":91,"column":2},"end":{"line":91,"column":31}},{"start":{},"end":{}}],"line":91},"25":{"loc":{"start":{"line":91,"column":6},"end":{"line":91,"column":19}},"type":"binary-expr","locations":[{"start":{"line":91,"column":6},"end":{"line":91,"column":8}},{"start":{"line":91,"column":12},"end":{"line":91,"column":19}}],"line":91},"26":{"loc":{"start":{"line":98,"column":2},"end":{"line":98,"column":70}},"type":"if","locations":[{"start":{"line":98,"column":2},"end":{"line":98,"column":70}},{"start":{},"end":{}}],"line":98},"27":{"loc":{"start":{"line":99,"column":2},"end":{"line":99,"column":70}},"type":"if","locations":[{"start":{"line":99,"column":2},"end":{"line":99,"column":70}},{"start":{},"end":{}}],"line":99},"28":{"loc":{"start":{"line":100,"column":2},"end":{"line":100,"column":72}},"type":"if","locations":[{"start":{"line":100,"column":2},"end":{"line":100,"column":72}},{"start":{},"end":{}}],"line":100},"29":{"loc":{"start":{"line":101,"column":2},"end":{"line":101,"column":53}},"type":"if","locations":[{"start":{"line":101,"column":2},"end":{"line":101,"column":53}},{"start":{},"end":{}}],"line":101},"30":{"loc":{"start":{"line":108,"column":9},"end":{"line":108,"column":64}},"type":"cond-expr","locations":[{"start":{"line":108,"column":25},"end":{"line":108,"column":43}},{"start":{"line":108,"column":46},"end":{"line":108,"column":64}}],"line":108},"31":{"loc":{"start":{"line":116,"column":2},"end":{"line":123,"column":3}},"type":"switch","locations":[{"start":{"line":117,"column":4},"end":{"line":117,"column":27}},{"start":{"line":118,"column":4},"end":{"line":118,"column":27}},{"start":{"line":119,"column":4},"end":{"line":119,"column":28}},{"start":{"line":120,"column":4},"end":{"line":120,"column":27}},{"start":{"line":121,"column":4},"end":{"line":121,"column":27}},{"start":{"line":122,"column":4},"end":{"line":122,"column":27}}],"line":116},"32":{"loc":{"start":{"line":128,"column":2},"end":{"line":128,"column":28}},"type":"if","locations":[{"start":{"line":128,"column":2},"end":{"line":128,"column":28}},{"start":{},"end":{}}],"line":128},"33":{"loc":{"start":{"line":129,"column":14},"end":{"line":129,"column":81}},"type":"cond-expr","locations":[{"start":{"line":129,"column":72},"end":{"line":129,"column":75}},{"start":{"line":129,"column":78},"end":{"line":129,"column":81}}],"line":129},"34":{"loc":{"start":{"line":129,"column":14},"end":{"line":129,"column":69}},"type":"binary-expr","locations":[{"start":{"line":129,"column":14},"end":{"line":129,"column":22}},{"start":{"line":129,"column":26},"end":{"line":129,"column":69}}],"line":129},"35":{"loc":{"start":{"line":136,"column":2},"end":{"line":139,"column":3}},"type":"if","locations":[{"start":{"line":136,"column":2},"end":{"line":139,"column":3}},{"start":{},"end":{}}],"line":136},"36":{"loc":{"start":{"line":136,"column":6},"end":{"line":136,"column":61}},"type":"binary-expr","locations":[{"start":{"line":136,"column":6},"end":{"line":136,"column":14}},{"start":{"line":136,"column":18},"end":{"line":136,"column":61}}],"line":136}},"s":{"0":8,"1":3,"2":5,"3":2,"4":2,"5":1,"6":1,"7":4,"8":2,"9":2,"10":4,"11":8,"12":8,"13":8,"14":5,"15":3,"16":26,"17":12,"18":14,"19":7,"20":7,"21":7,"22":7,"23":5,"24":2,"25":1,"26":1,"27":25,"28":2,"29":23,"30":23,"31":23,"32":23,"33":23,"34":23,"35":23,"36":2,"37":23,"38":5,"39":23,"40":6,"41":23,"42":13,"43":0,"44":13,"45":23,"46":23,"47":4,"48":4,"49":11,"50":8,"51":3,"52":2,"53":2,"54":2,"55":1,"56":1,"57":1,"58":11,"59":0,"60":11,"61":11,"62":11,"63":11,"64":11,"65":11,"66":11,"67":1,"68":11,"69":1,"70":11,"71":3,"72":11,"73":6,"74":11,"75":11,"76":36,"77":4,"78":5,"79":2,"80":1,"81":0,"82":0,"83":1,"84":1,"85":11,"86":4,"87":7,"88":7,"89":3,"90":3,"91":1,"92":1,"93":2},"f":{"0":8,"1":2,"2":1,"3":4,"4":8,"5":26,"6":25,"7":11,"8":11,"9":36,"10":5,"11":11,"12":3},"b":{"0":[3,5],"1":[2,2],"2":[5,3],"3":[2,3],"4":[1,1],"5":[2,1],"6":[1,1],"7":[1,0],"8":[12,14],"9":[7,7],"10":[5,2],"11":[1,1],"12":[2,23],"13":[25,23],"14":[2,21],"15":[5,18],"16":[6,17],"17":[13,10],"18":[0,13],"19":[13,1],"20":[8,3],"21":[2,1],"22":[1,1],"23":[0,1],"24":[0,11],"25":[11,11],"26":[1,10],"27":[1,10],"28":[3,8],"29":[6,5],"30":[11,25],"31":[2,1,0,0,1,1],"32":[4,7],"33":[1,6],"34":[7,1],"35":[1,2],"36":[3,1]},"_coverageSchema":"1a1c01bbd47fc00a2c39e90264f33305004495a9","hash":"eee505797872c627e237c835019a7abd166a02a6"}
,"/Users/nguyendangkhoa/kim-ngan-phat/tappy-pos/mobile/src/utils/jwt.ts": {"path":"/Users/nguyendangkhoa/kim-ngan-phat/tappy-pos/mobile/src/utils/jwt.ts","statementMap":{"0":{"start":{"line":12,"column":2},"end":{"line":21,"column":3}},"1":{"start":{"line":13,"column":18},"end":{"line":13,"column":34}},"2":{"start":{"line":14,"column":4},"end":{"line":14,"column":40}},"3":{"start":{"line":14,"column":28},"end":{"line":14,"column":40}},"4":{"start":{"line":15,"column":20},"end":{"line":15,"column":28}},"5":{"start":{"line":16,"column":19},"end":{"line":16,"column":87}},"6":{"start":{"line":17,"column":20},"end":{"line":17,"column":70}},"7":{"start":{"line":18,"column":4},"end":{"line":18,"column":45}},"8":{"start":{"line":20,"column":4},"end":{"line":20,"column":16}},"9":{"start":{"line":25,"column":2},"end":{"line":25,"column":42}},"10":{"start":{"line":29,"column":18},"end":{"line":29,"column":41}},"11":{"start":{"line":30,"column":2},"end":{"line":30,"column":28}},"12":{"start":{"line":30,"column":16},"end":{"line":30,"column":28}},"13":{"start":{"line":31,"column":2},"end":{"line":31,"column":68}},"14":{"start":{"line":31,"column":44},"end":{"line":31,"column":68}},"15":{"start":{"line":33,"column":2},"end":{"line":35,"column":3}},"16":{"start":{"line":34,"column":4},"end":{"line":34,"column":36}},"17":{"start":{"line":36,"column":2},"end":{"line":36,"column":14}},"18":{"start":{"line":40,"column":18},"end":{"line":40,"column":34}},"19":{"start":{"line":41,"column":2},"end":{"line":41,"column":33}},"20":{"start":{"line":41,"column":21},"end":{"line":41,"column":33}},"21":{"start":{"line":42,"column":2},"end":{"line":42,"column":42}},"22":{"start":{"line":46,"column":18},"end":{"line":46,"column":34}},"23":{"start":{"line":47,"column":2},"end":{"line":47,"column":30}},"24":{"start":{"line":47,"column":21},"end":{"line":47,"column":30}},"25":{"start":{"line":48,"column":2},"end":{"line":48,"column":41}}},"fnMap":{"0":{"name":"decodeJwt","decl":{"start":{"line":11,"column":16},"end":{"line":11,"column":25}},"loc":{"start":{"line":11,"column":60},"end":{"line":22,"column":1}},"line":11},"1":{"name":"extractFeatures","decl":{"start":{"line":24,"column":16},"end":{"line":24,"column":31}},"loc":{"start":{"line":24,"column":57},"end":{"line":26,"column":1}},"line":24},"2":{"name":"extractTenantId","decl":{"start":{"line":28,"column":16},"end":{"line":28,"column":31}},"loc":{"start":{"line":28,"column":62},"end":{"line":37,"column":1}},"line":28},"3":{"name":"isTokenExpired","decl":{"start":{"line":39,"column":16},"end":{"line":39,"column":30}},"loc":{"start":{"line":39,"column":55},"end":{"line":43,"column":1}},"line":39},"4":{"name":"msUntilExpiry","decl":{"start":{"line":45,"column":16},"end":{"line":45,"column":29}},"loc":{"start":{"line":45,"column":53},"end":{"line":49,"column":1}},"line":45}},"branchMap":{"0":{"loc":{"start":{"line":14,"column":4},"end":{"line":14,"column":40}},"type":"if","locations":[{"start":{"line":14,"column":4},"end":{"line":14,"column":40}},{"start":{},"end":{}}],"line":14},"1":{"loc":{"start":{"line":25,"column":9},"end":{"line":25,"column":41}},"type":"binary-expr","locations":[{"start":{"line":25,"column":9},"end":{"line":25,"column":35}},{"start":{"line":25,"column":39},"end":{"line":25,"column":41}}],"line":25},"2":{"loc":{"start":{"line":30,"column":2},"end":{"line":30,"column":28}},"type":"if","locations":[{"start":{"line":30,"column":2},"end":{"line":30,"column":28}},{"start":{},"end":{}}],"line":30},"3":{"loc":{"start":{"line":31,"column":2},"end":{"line":31,"column":68}},"type":"if","locations":[{"start":{"line":31,"column":2},"end":{"line":31,"column":68}},{"start":{},"end":{}}],"line":31},"4":{"loc":{"start":{"line":33,"column":2},"end":{"line":35,"column":3}},"type":"if","locations":[{"start":{"line":33,"column":2},"end":{"line":35,"column":3}},{"start":{},"end":{}}],"line":33},"5":{"loc":{"start":{"line":33,"column":6},"end":{"line":33,"column":89}},"type":"binary-expr","locations":[{"start":{"line":33,"column":6},"end":{"line":33,"column":32}},{"start":{"line":33,"column":36},"end":{"line":33,"column":58}},{"start":{"line":33,"column":62},"end":{"line":33,"column":89}}],"line":33},"6":{"loc":{"start":{"line":41,"column":2},"end":{"line":41,"column":33}},"type":"if","locations":[{"start":{"line":41,"column":2},"end":{"line":41,"column":33}},{"start":{},"end":{}}],"line":41},"7":{"loc":{"start":{"line":47,"column":2},"end":{"line":47,"column":30}},"type":"if","locations":[{"start":{"line":47,"column":2},"end":{"line":47,"column":30}},{"start":{},"end":{}}],"line":47}},"s":{"0":32,"1":32,"2":32,"3":4,"4":28,"5":28,"6":28,"7":26,"8":2,"9":10,"10":10,"11":10,"12":1,"13":9,"14":3,"15":6,"16":1,"17":5,"18":4,"19":4,"20":2,"21":2,"22":3,"23":3,"24":1,"25":2},"f":{"0":32,"1":10,"2":10,"3":4,"4":3},"b":{"0":[4,28],"1":[10,3],"2":[1,9],"3":[3,6],"4":[1,5],"5":[6,2,2],"6":[2,2],"7":[1,2]},"_coverageSchema":"1a1c01bbd47fc00a2c39e90264f33305004495a9","hash":"ddd7926e83e7ade877ccda5a2d7297bf4b61de2a"}
,"/Users/nguyendangkhoa/kim-ngan-phat/tappy-pos/mobile/src/utils/notifications.ts": {"path":"/Users/nguyendangkhoa/kim-ngan-phat/tappy-pos/mobile/src/utils/notifications.ts","statementMap":{"0":{"start":{"line":6,"column":0},"end":{"line":14,"column":3}},"1":{"start":{"line":7,"column":35},"end":{"line":13,"column":3}},"2":{"start":{"line":20,"column":31},"end":{"line":20,"column":72}},"3":{"start":{"line":21,"column":2},"end":{"line":21,"column":42}},"4":{"start":{"line":21,"column":30},"end":{"line":21,"column":42}},"5":{"start":{"line":22,"column":21},"end":{"line":22,"column":66}},"6":{"start":{"line":23,"column":2},"end":{"line":23,"column":30}},"7":{"start":{"line":34,"column":2},"end":{"line":34,"column":59}},"8":{"start":{"line":34,"column":52},"end":{"line":34,"column":59}},"9":{"start":{"line":35,"column":18},"end":{"line":35,"column":55}},"10":{"start":{"line":36,"column":2},"end":{"line":36,"column":23}},"11":{"start":{"line":36,"column":16},"end":{"line":36,"column":23}},"12":{"start":{"line":38,"column":20},"end":{"line":38,"column":81}},"13":{"start":{"line":38,"column":76},"end":{"line":38,"column":80}},"14":{"start":{"line":39,"column":2},"end":{"line":39,"column":25}},"15":{"start":{"line":39,"column":18},"end":{"line":39,"column":25}},"16":{"start":{"line":41,"column":19},"end":{"line":41,"column":60}},"17":{"start":{"line":42,"column":2},"end":{"line":42,"column":36}},"18":{"start":{"line":55,"column":18},"end":{"line":55,"column":55}},"19":{"start":{"line":56,"column":2},"end":{"line":56,"column":23}},"20":{"start":{"line":56,"column":16},"end":{"line":56,"column":23}},"21":{"start":{"line":58,"column":15},"end":{"line":58,"column":28}},"22":{"start":{"line":59,"column":16},"end":{"line":61,"column":45}},"23":{"start":{"line":62,"column":15},"end":{"line":64,"column":65}},"24":{"start":{"line":66,"column":2},"end":{"line":73,"column":5}},"25":{"start":{"line":80,"column":2},"end":{"line":80,"column":61}}},"fnMap":{"0":{"name":"(anonymous_0)","decl":{"start":{"line":7,"column":22},"end":{"line":7,"column":23}},"loc":{"start":{"line":7,"column":35},"end":{"line":13,"column":3}},"line":7},"1":{"name":"requestNotificationPermission","decl":{"start":{"line":19,"column":22},"end":{"line":19,"column":51}},"loc":{"start":{"line":19,"column":72},"end":{"line":24,"column":1}},"line":19},"2":{"name":"registerPushToken","decl":{"start":{"line":31,"column":22},"end":{"line":31,"column":39}},"loc":{"start":{"line":33,"column":17},"end":{"line":43,"column":1}},"line":33},"3":{"name":"(anonymous_3)","decl":{"start":{"line":38,"column":70},"end":{"line":38,"column":71}},"loc":{"start":{"line":38,"column":76},"end":{"line":38,"column":80}},"line":38},"4":{"name":"scheduleOrderReminder","decl":{"start":{"line":54,"column":22},"end":{"line":54,"column":43}},"loc":{"start":{"line":54,"column":85},"end":{"line":74,"column":1}},"line":54},"5":{"name":"cancelAllScheduledNotifications","decl":{"start":{"line":79,"column":22},"end":{"line":79,"column":53}},"loc":{"start":{"line":79,"column":71},"end":{"line":81,"column":1}},"line":79}},"branchMap":{"0":{"loc":{"start":{"line":21,"column":2},"end":{"line":21,"column":42}},"type":"if","locations":[{"start":{"line":21,"column":2},"end":{"line":21,"column":42}},{"start":{},"end":{}}],"line":21},"1":{"loc":{"start":{"line":34,"column":2},"end":{"line":34,"column":59}},"type":"if","locations":[{"start":{"line":34,"column":2},"end":{"line":34,"column":59}},{"start":{},"end":{}}],"line":34},"2":{"loc":{"start":{"line":36,"column":2},"end":{"line":36,"column":23}},"type":"if","locations":[{"start":{"line":36,"column":2},"end":{"line":36,"column":23}},{"start":{},"end":{}}],"line":36},"3":{"loc":{"start":{"line":39,"column":2},"end":{"line":39,"column":25}},"type":"if","locations":[{"start":{"line":39,"column":2},"end":{"line":39,"column":25}},{"start":{},"end":{}}],"line":39},"4":{"loc":{"start":{"line":41,"column":19},"end":{"line":41,"column":60}},"type":"cond-expr","locations":[{"start":{"line":41,"column":43},"end":{"line":41,"column":48}},{"start":{"line":41,"column":51},"end":{"line":41,"column":60}}],"line":41},"5":{"loc":{"start":{"line":56,"column":2},"end":{"line":56,"column":23}},"type":"if","locations":[{"start":{"line":56,"column":2},"end":{"line":56,"column":23}},{"start":{},"end":{}}],"line":56},"6":{"loc":{"start":{"line":59,"column":16},"end":{"line":61,"column":45}},"type":"cond-expr","locations":[{"start":{"line":60,"column":6},"end":{"line":60,"column":50}},{"start":{"line":61,"column":6},"end":{"line":61,"column":45}}],"line":59},"7":{"loc":{"start":{"line":62,"column":15},"end":{"line":64,"column":65}},"type":"cond-expr","locations":[{"start":{"line":63,"column":6},"end":{"line":63,"column":71}},{"start":{"line":64,"column":6},"end":{"line":64,"column":65}}],"line":62}},"s":{"0":1,"1":0,"2":8,"3":8,"4":4,"5":4,"6":4,"7":4,"8":1,"9":3,"10":3,"11":1,"12":2,"13":1,"14":2,"15":1,"16":1,"17":1,"18":2,"19":2,"20":1,"21":1,"22":1,"23":1,"24":1,"25":1},"f":{"0":0,"1":8,"2":4,"3":1,"4":2,"5":1},"b":{"0":[4,4],"1":[1,3],"2":[1,2],"3":[1,1],"4":[1,0],"5":[1,1],"6":[1,0],"7":[1,0]},"_coverageSchema":"1a1c01bbd47fc00a2c39e90264f33305004495a9","hash":"d3ed2e898add6dd14506dcdb9a5cc4650c51f2cf"}
}
