TN:
SF:src/components/ClearableInput.tsx
FN:11,(anonymous_0)
FN:22,(anonymous_1)
FNF:2
FNH:1
FNDA:12,(anonymous_0)
FNDA:0,(anonymous_1)
DA:10,2
DA:12,12
DA:32,2
LF:3
LH:3
BRDA:20,0,0,12
BRDA:20,0,1,8
BRDA:22,1,0,8
BRDA:22,1,1,2
BRF:4
BRH:4
end_of_record
TN:
SF:src/components/DayPickerModal.tsx
FN:3,(anonymous_0)
FN:15,DayPickerModal
FN:28,(anonymous_2)
FN:33,(anonymous_3)
FN:47,(anonymous_4)
FNF:5
FNH:5
FNDA:31,(anonymous_0)
FNDA:9,DayPickerModal
FNDA:279,(anonymous_2)
FNDA:1,(anonymous_3)
FNDA:1,(anonymous_4)
DA:3,31
DA:16,9
DA:29,279
DA:30,279
DA:33,1
DA:47,1
LF:6
LH:6
BRDA:22,0,0,1
BRDA:22,0,1,8
BRDA:35,1,0,3
BRDA:35,1,1,276
BRDA:38,2,0,3
BRDA:38,2,1,276
BRDA:45,3,0,9
BRDA:45,3,1,3
BRDA:45,3,2,2
BRF:9
BRH:9
end_of_record
TN:
SF:src/components/EmptyState.tsx
FN:11,EmptyState
FNF:1
FNH:1
FNDA:8,EmptyState
DA:12,8
LF:1
LH:1
BRDA:11,0,0,7
BRDA:16,1,0,8
BRDA:16,1,1,1
BRDA:19,2,0,8
BRDA:19,2,1,3
BRDA:19,2,2,2
BRF:6
BRH:6
end_of_record
TN:
SF:src/components/ErrorState.tsx
FN:9,ErrorState
FNF:1
FNH:1
FNDA:7,ErrorState
DA:10,7
DA:11,7
LF:2
LH:2
BRDA:18,0,0,7
BRDA:18,0,1,6
BRDA:20,1,0,7
BRDA:20,1,1,2
BRF:4
BRH:4
end_of_record
TN:
SF:src/components/FloatingLabelInput.tsx
FN:12,(anonymous_0)
FN:18,(anonymous_1)
FN:71,(anonymous_2)
FN:72,(anonymous_3)
FN:77,(anonymous_4)
FNF:5
FNH:5
FNDA:9,(anonymous_0)
FNDA:2,(anonymous_1)
FNDA:1,(anonymous_2)
FNDA:1,(anonymous_3)
FNDA:1,(anonymous_4)
DA:11,1
DA:13,9
DA:14,9
DA:16,9
DA:18,9
DA:19,2
DA:26,9
DA:27,9
DA:28,9
DA:33,9
DA:71,1
DA:72,1
DA:89,1
LF:13
LH:13
BRDA:14,0,0,4
BRDA:14,0,1,5
BRDA:16,1,0,9
BRDA:16,1,1,8
BRDA:47,2,0,5
BRDA:47,2,1,4
BRDA:58,3,0,1
BRDA:58,3,1,8
BRDA:72,4,0,1
BRDA:72,4,1,0
BRDA:75,5,0,9
BRDA:75,5,1,4
BRDA:77,6,0,4
BRDA:77,6,1,3
BRF:14
BRH:13
end_of_record
TN:
SF:src/components/FriendlyAlert.tsx
FN:4,FriendlyAlert
FN:17,(anonymous_1)
FN:29,(anonymous_2)
FN:35,(anonymous_3)
FNF:4
FNH:3
FNDA:8,FriendlyAlert
FNDA:0,(anonymous_1)
FNDA:6,(anonymous_2)
FNDA:2,(anonymous_3)
DA:5,8
DA:7,8
DA:9,5
DA:17,0
DA:30,6
DA:36,2
DA:37,2
LF:7
LH:6
BRDA:7,0,0,3
BRDA:7,0,1,5
BRDA:33,1,0,1
BRDA:33,1,1,5
BRDA:42,2,0,1
BRDA:42,2,1,5
BRDA:44,3,0,1
BRDA:44,3,1,4
BRF:8
BRH:8
end_of_record
TN:
SF:src/components/LanguageChip.tsx
FN:9,LanguageChip
FN:19,(anonymous_1)
FN:24,(anonymous_2)
FN:27,(anonymous_3)
FNF:4
FNH:4
FNDA:5,LanguageChip
FNDA:1,(anonymous_1)
FNDA:1,(anonymous_2)
FNDA:1,(anonymous_3)
DA:5,1
DA:6,1
DA:7,1
DA:10,5
DA:11,5
DA:12,5
DA:14,5
DA:19,5
DA:20,1
DA:21,1
DA:22,1
DA:24,1
DA:25,1
DA:26,1
DA:27,1
DA:28,1
DA:33,5
LF:17
LH:17
BRDA:20,0,0,0
BRDA:20,0,1,1
BRF:2
BRH:1
end_of_record
TN:
SF:src/components/MoneyInput.tsx
FN:13,MoneyInputInner
FN:18,(anonymous_1)
FNF:2
FNH:2
FNDA:6,MoneyInputInner
FNDA:1,(anonymous_1)
DA:6,1
DA:14,6
DA:15,6
DA:16,6
DA:18,6
DA:19,1
DA:20,1
DA:23,6
DA:52,1
LF:9
LH:9
BRDA:16,0,0,3
BRDA:16,0,1,3
BRDA:32,1,0,6
BRDA:32,1,1,0
BRDA:40,2,0,3
BRDA:40,2,1,3
BRDA:43,3,0,6
BRDA:43,3,1,6
BRF:8
BRH:7
end_of_record
TN:
SF:src/components/PasswordInput.tsx
FN:8,(anonymous_0)
FN:9,(anonymous_1)
FN:10,(anonymous_2)
FN:11,(anonymous_3)
FN:12,(anonymous_4)
FN:15,getStrength
FN:16,(anonymous_6)
FN:33,(anonymous_7)
FN:48,(anonymous_8)
FN:48,(anonymous_9)
FN:60,(anonymous_10)
FN:76,(anonymous_11)
FNF:12
FNH:12
FNDA:11,(anonymous_0)
FNDA:11,(anonymous_1)
FNDA:11,(anonymous_2)
FNDA:11,(anonymous_3)
FNDA:11,(anonymous_4)
FNDA:10,getStrength
FNDA:50,(anonymous_6)
FNDA:12,(anonymous_7)
FNDA:3,(anonymous_8)
FNDA:3,(anonymous_9)
FNDA:40,(anonymous_10)
FNDA:5,(anonymous_11)
DA:7,1
DA:8,11
DA:9,11
DA:10,11
DA:11,11
DA:12,11
DA:16,50
DA:17,10
DA:18,1
DA:19,1
DA:20,1
DA:23,1
DA:24,1
DA:32,1
DA:34,12
DA:35,12
DA:37,12
DA:48,3
DA:61,40
DA:77,5
DA:78,5
DA:98,1
LF:22
LH:22
BRDA:17,0,0,9
BRDA:17,0,1,1
BRDA:18,1,0,0
BRDA:18,1,1,1
BRDA:19,2,0,0
BRDA:19,2,1,1
BRDA:33,3,0,11
BRDA:33,4,0,9
BRDA:35,5,0,10
BRDA:35,5,1,2
BRDA:50,6,0,2
BRDA:50,6,1,10
BRDA:57,7,0,12
BRDA:57,7,1,12
BRDA:57,7,2,10
BRDA:64,8,0,13
BRDA:64,8,1,27
BRDA:74,9,0,12
BRDA:74,9,1,1
BRDA:81,10,0,1
BRDA:81,10,1,4
BRDA:83,11,0,1
BRDA:83,11,1,4
BRDA:85,12,0,1
BRDA:85,12,1,4
BRF:25
BRH:23
end_of_record
TN:
SF:src/components/PhoneInput.tsx
FN:12,formatPhone
FN:18,stripPhone
FN:23,(anonymous_2)
FN:26,(anonymous_3)
FN:35,(anonymous_4)
FNF:5
FNH:5
FNDA:5,formatPhone
FNDA:10,stripPhone
FNDA:5,(anonymous_2)
FNDA:1,(anonymous_3)
FNDA:1,(anonymous_4)
DA:13,5
DA:14,4
DA:15,3
DA:19,10
DA:22,1
DA:24,5
DA:26,5
DA:27,1
DA:30,5
DA:35,1
DA:43,1
LF:11
LH:11
BRDA:13,0,0,1
BRDA:13,0,1,4
BRDA:14,1,0,1
BRDA:14,1,1,3
BRF:4
BRH:4
end_of_record
TN:
SF:src/components/PinPad.tsx
FN:22,PinPad
FN:25,(anonymous_1)
FN:34,(anonymous_2)
FN:56,(anonymous_3)
FN:70,(anonymous_4)
FN:72,(anonymous_5)
FN:83,(anonymous_6)
FNF:7
FNH:6
FNDA:9,PinPad
FNDA:0,(anonymous_1)
FNDA:4,(anonymous_2)
FNDA:54,(anonymous_3)
FNDA:28,(anonymous_4)
FNDA:84,(anonymous_5)
FNDA:4,(anonymous_6)
DA:15,1
DA:23,9
DA:25,9
DA:26,0
DA:34,9
DA:35,4
DA:36,4
DA:37,1
DA:38,1
DA:39,3
DA:40,1
DA:41,2
DA:42,1
DA:43,1
DA:48,9
DA:50,9
DA:57,54
DA:71,28
DA:73,84
DA:74,6
DA:76,78
DA:77,78
DA:83,4
LF:23
LH:22
BRDA:22,0,0,7
BRDA:22,1,0,7
BRDA:35,2,0,0
BRDA:35,2,1,4
BRDA:36,3,0,1
BRDA:36,3,1,3
BRDA:39,4,0,1
BRDA:39,4,1,2
BRDA:41,5,0,1
BRDA:41,5,1,1
BRDA:60,6,0,15
BRDA:60,6,1,39
BRDA:66,7,0,2
BRDA:66,7,1,7
BRDA:73,8,0,6
BRDA:73,8,1,78
BRDA:73,9,0,84
BRDA:73,9,1,7
BRDA:76,10,0,78
BRDA:76,10,1,71
BRDA:81,11,0,8
BRDA:81,11,1,70
BRDA:86,12,0,7
BRDA:86,12,1,71
BRDA:88,13,0,1
BRDA:88,13,1,70
BRF:26
BRH:25
end_of_record
TN:
SF:src/components/Skeleton.tsx
FN:21,Skeleton
FN:24,(anonymous_1)
FN:30,(anonymous_2)
FN:33,(anonymous_3)
FNF:4
FNH:4
FNDA:5,Skeleton
FNDA:5,(anonymous_1)
FNDA:5,(anonymous_2)
FNDA:5,(anonymous_3)
DA:22,5
DA:24,5
DA:25,5
DA:30,5
DA:33,5
DA:34,5
DA:36,5
LF:7
LH:7
BRDA:21,0,0,4
BRDA:21,1,0,4
BRDA:21,2,0,3
BRDA:34,3,0,1
BRDA:34,3,1,4
BRF:5
BRH:5
end_of_record
TN:
SF:src/components/UndoToast.tsx
FN:8,UndoToast
FN:14,(anonymous_1)
FN:22,(anonymous_2)
FN:39,(anonymous_3)
FNF:4
FNH:4
FNDA:6,UndoToast
FNDA:6,(anonymous_1)
FNDA:6,(anonymous_2)
FNDA:1,(anonymous_3)
DA:6,1
DA:9,6
DA:10,6
DA:11,6
DA:12,6
DA:14,6
DA:15,6
DA:16,4
DA:17,4
DA:19,2
DA:20,2
DA:22,6
DA:23,6
DA:27,6
DA:29,4
DA:40,1
DA:41,1
LF:17
LH:17
BRDA:15,0,0,4
BRDA:15,0,1,2
BRDA:20,1,0,1
BRDA:20,1,1,1
BRDA:23,2,0,5
BRDA:23,2,1,1
BRDA:27,3,0,2
BRDA:27,3,1,4
BRDA:37,4,0,4
BRDA:37,4,1,2
BRF:10
BRH:10
end_of_record
TN:
SF:src/hooks/useCurrency.ts
FN:3,useCurrency
FNF:1
FNH:1
FNDA:4,useCurrency
DA:4,4
LF:1
LH:1
BRF:0
BRH:0
end_of_record
TN:
SF:src/hooks/useCycleProgress.ts
FN:13,useCycleProgress
FN:17,(anonymous_1)
FN:31,(anonymous_2)
FNF:3
FNH:3
FNDA:9,useCycleProgress
FNDA:9,(anonymous_1)
FNDA:10,(anonymous_2)
DA:14,9
DA:15,9
DA:17,9
DA:18,9
DA:20,9
DA:24,9
DA:25,4
DA:28,5
DA:29,5
DA:31,5
DA:32,10
DA:33,5
DA:35,5
DA:36,5
DA:37,5
DA:39,5
DA:40,5
DA:42,5
LF:18
LH:18
BRDA:15,0,0,9
BRDA:15,0,1,0
BRDA:24,1,0,4
BRDA:24,1,1,5
BRDA:24,2,0,9
BRDA:24,2,1,5
BRDA:37,3,0,5
BRDA:37,3,1,0
BRDA:40,4,0,3
BRDA:40,4,1,2
BRF:10
BRH:8
end_of_record
TN:
SF:src/hooks/useFeature.ts
FN:4,useFeature
FN:5,(anonymous_1)
FN:9,useFeatureCheck
FN:10,(anonymous_3)
FN:11,(anonymous_4)
FN:15,useFeatures
FN:16,(anonymous_6)
FN:16,(anonymous_7)
FN:20,useAnyFeature
FN:21,(anonymous_9)
FN:21,(anonymous_10)
FNF:11
FNH:11
FNDA:4,useFeature
FNDA:12,(anonymous_1)
FNDA:1,useFeatureCheck
FNDA:3,(anonymous_3)
FNDA:2,(anonymous_4)
FNDA:3,useFeatures
FNDA:9,(anonymous_6)
FNDA:12,(anonymous_7)
FNDA:3,useAnyFeature
FNDA:9,(anonymous_9)
FNDA:9,(anonymous_10)
DA:5,12
DA:10,3
DA:11,2
DA:16,12
DA:21,9
LF:5
LH:5
BRF:0
BRH:0
end_of_record
TN:
SF:src/hooks/useLanguage.ts
FN:12,useLanguage
FN:17,(anonymous_1)
FN:19,(anonymous_2)
FN:25,(anonymous_3)
FN:32,(anonymous_4)
FN:35,(anonymous_5)
FNF:6
FNH:5
FNDA:4,useLanguage
FNDA:4,(anonymous_1)
FNDA:0,(anonymous_2)
FNDA:1,(anonymous_3)
FNDA:4,(anonymous_4)
FNDA:1,(anonymous_5)
DA:5,1
DA:8,1
DA:13,4
DA:17,4
DA:19,4
DA:20,4
DA:23,4
DA:24,1
DA:25,1
DA:26,1
DA:27,0
DA:32,4
DA:35,4
DA:36,1
DA:37,1
DA:40,4
LF:16
LH:15
BRDA:14,0,0,0
BRDA:14,0,1,4
BRDA:19,1,0,0
BRDA:19,1,1,0
BRDA:23,2,0,1
BRDA:23,2,1,3
BRDA:26,3,0,0
BRDA:26,3,1,1
BRDA:26,4,0,1
BRDA:26,4,1,1
BRF:10
BRH:6
end_of_record
TN:
SF:src/hooks/useTourGuide.ts
FN:14,useTourGuide
FN:17,(anonymous_1)
FN:19,(anonymous_2)
FN:21,(anonymous_3)
FN:22,(anonymous_4)
FN:25,(anonymous_5)
FN:28,(anonymous_6)
FNF:7
FNH:6
FNDA:7,useTourGuide
FNDA:4,(anonymous_1)
FNDA:4,(anonymous_2)
FNDA:2,(anonymous_3)
FNDA:0,(anonymous_4)
FNDA:4,(anonymous_5)
FNDA:1,(anonymous_6)
DA:4,1
DA:15,7
DA:17,7
DA:18,4
DA:19,4
DA:20,4
DA:21,3
DA:22,3
DA:25,4
DA:28,7
DA:29,1
DA:30,1
DA:33,7
LF:13
LH:13
BRDA:20,0,0,3
BRDA:20,0,1,1
BRDA:20,1,0,4
BRDA:20,1,1,4
BRF:4
BRH:4
end_of_record
TN:
SF:src/services/authSession.ts
FN:7,registerForceLogout
FN:11,forceLogout
FNF:2
FNH:2
FNDA:7,registerForceLogout
FNDA:4,forceLogout
DA:5,3
DA:8,7
DA:12,4
LF:3
LH:3
BRDA:11,0,0,1
BRDA:12,1,0,4
BRDA:12,1,1,0
BRF:3
BRH:2
end_of_record
TN:
SF:src/store/alertStore.ts
FN:18,(anonymous_0)
FN:24,(anonymous_1)
FN:27,(anonymous_2)
FNF:3
FNH:3
FNDA:2,(anonymous_0)
FNDA:10,(anonymous_1)
FNDA:4,(anonymous_2)
DA:18,2
DA:25,10
DA:27,4
LF:3
LH:3
BRDA:24,0,0,5
BRF:1
BRH:1
end_of_record
TN:
SF:src/store/authStore.ts
FN:24,(anonymous_0)
FN:33,(anonymous_1)
FN:46,(anonymous_2)
FN:58,(anonymous_3)
FN:63,(anonymous_4)
FN:72,(anonymous_5)
FN:81,(anonymous_6)
FN:91,(anonymous_7)
FN:93,(anonymous_8)
FN:116,(anonymous_9)
FNF:10
FNH:6
FNDA:2,(anonymous_0)
FNDA:5,(anonymous_1)
FNDA:0,(anonymous_2)
FNDA:0,(anonymous_3)
FNDA:2,(anonymous_4)
FNDA:0,(anonymous_5)
FNDA:4,(anonymous_6)
FNDA:1,(anonymous_7)
FNDA:4,(anonymous_8)
FNDA:0,(anonymous_9)
DA:24,2
DA:34,5
DA:35,5
DA:37,5
DA:38,5
DA:40,5
DA:41,5
DA:42,2
DA:46,3
DA:47,3
DA:48,3
DA:50,3
DA:54,5
DA:55,5
DA:59,0
DA:60,0
DA:64,2
DA:65,1
DA:67,1
DA:69,2
DA:73,0
DA:74,0
DA:76,0
DA:78,0
DA:84,4
DA:88,4
DA:91,1
DA:94,4
DA:102,4
DA:103,4
DA:105,4
DA:116,2
DA:117,0
DA:118,0
DA:119,0
DA:120,0
DA:122,0
LF:37
LH:26
BRDA:35,0,0,1
BRDA:35,0,1,4
BRDA:41,1,0,2
BRDA:41,1,1,3
BRDA:47,2,0,3
BRDA:47,2,1,3
BRDA:48,3,0,3
BRDA:48,3,1,0
BRDA:64,4,0,1
BRDA:64,4,1,1
BRDA:73,5,0,0
BRDA:73,5,1,0
BRDA:102,6,0,4
BRDA:102,6,1,2
BRDA:103,7,0,2
BRDA:103,7,1,2
BRDA:106,8,0,4
BRDA:106,8,1,3
BRDA:107,9,0,4
BRDA:107,9,1,2
BRDA:110,10,0,4
BRDA:110,10,1,4
BRDA:118,11,0,0
BRDA:118,11,1,0
BRF:24
BRH:19
end_of_record
TN:
SF:src/store/cartStore.ts
FN:26,(anonymous_0)
FN:31,(anonymous_1)
FN:32,(anonymous_2)
FN:33,(anonymous_3)
FN:36,(anonymous_4)
FN:44,(anonymous_5)
FN:45,(anonymous_6)
FN:48,(anonymous_7)
FN:49,(anonymous_8)
FN:52,(anonymous_9)
FN:53,(anonymous_10)
FN:53,(anonymous_11)
FN:55,(anonymous_12)
FN:56,(anonymous_13)
FN:57,(anonymous_14)
FN:60,(anonymous_15)
FN:62,(anonymous_16)
FN:64,(anonymous_17)
FN:66,(anonymous_18)
FNF:19
FNH:19
FNDA:1,(anonymous_0)
FNDA:18,(anonymous_1)
FNDA:18,(anonymous_2)
FNDA:4,(anonymous_3)
FNDA:1,(anonymous_4)
FNDA:4,(anonymous_5)
FNDA:4,(anonymous_6)
FNDA:2,(anonymous_7)
FNDA:2,(anonymous_8)
FNDA:2,(anonymous_9)
FNDA:2,(anonymous_10)
FNDA:3,(anonymous_11)
FNDA:1,(anonymous_12)
FNDA:1,(anonymous_13)
FNDA:1,(anonymous_14)
FNDA:6,(anonymous_15)
FNDA:1,(anonymous_16)
FNDA:4,(anonymous_17)
FNDA:4,(anonymous_18)
DA:26,1
DA:32,18
DA:33,18
DA:34,18
DA:35,1
DA:37,1
DA:41,17
DA:45,4
DA:48,2
DA:49,2
DA:53,3
DA:56,1
DA:57,1
DA:60,6
DA:62,1
DA:65,4
DA:66,4
DA:67,4
LF:18
LH:18
BRDA:34,0,0,1
BRDA:34,0,1,17
BRDA:37,1,0,1
BRDA:37,1,1,0
BRDA:41,2,0,17
BRDA:41,2,1,0
BRDA:47,3,0,2
BRDA:47,3,1,2
BRDA:49,4,0,1
BRDA:49,4,1,1
BRDA:57,5,0,1
BRDA:57,5,1,0
BRF:12
BRH:9
end_of_record
TN:
SF:src/store/onboardingStore.ts
FN:53,(anonymous_0)
FN:55,(anonymous_1)
FN:56,(anonymous_2)
FN:57,(anonymous_3)
FN:58,(anonymous_4)
FN:59,(anonymous_5)
FN:60,(anonymous_6)
FN:61,(anonymous_7)
FN:61,(anonymous_8)
FN:62,(anonymous_9)
FN:63,(anonymous_10)
FN:65,(anonymous_11)
FN:70,(anonymous_12)
FN:71,(anonymous_13)
FN:72,(anonymous_14)
FN:73,(anonymous_15)
FN:74,(anonymous_16)
FN:74,(anonymous_17)
FN:75,(anonymous_18)
FN:76,(anonymous_19)
FN:78,(anonymous_20)
FN:81,(anonymous_21)
FN:82,(anonymous_22)
FN:86,(anonymous_23)
FNF:24
FNH:22
FNDA:1,(anonymous_0)
FNDA:2,(anonymous_1)
FNDA:1,(anonymous_2)
FNDA:0,(anonymous_3)
FNDA:7,(anonymous_4)
FNDA:7,(anonymous_5)
FNDA:1,(anonymous_6)
FNDA:1,(anonymous_7)
FNDA:2,(anonymous_8)
FNDA:1,(anonymous_9)
FNDA:1,(anonymous_10)
FNDA:1,(anonymous_11)
FNDA:0,(anonymous_12)
FNDA:3,(anonymous_13)
FNDA:3,(anonymous_14)
FNDA:1,(anonymous_15)
FNDA:1,(anonymous_16)
FNDA:1,(anonymous_17)
FNDA:1,(anonymous_18)
FNDA:1,(anonymous_19)
FNDA:1,(anonymous_20)
FNDA:2,(anonymous_21)
FNDA:1,(anonymous_22)
FNDA:1,(anonymous_23)
DA:43,1
DA:51,1
DA:53,1
DA:55,2
DA:56,1
DA:57,0
DA:59,7
DA:61,2
DA:63,1
DA:66,1
DA:70,0
DA:72,3
DA:74,1
DA:76,1
DA:78,1
DA:81,2
DA:82,1
DA:86,1
LF:18
LH:16
BRDA:66,0,0,1
BRDA:66,0,1,0
BRDA:78,1,0,1
BRDA:78,1,1,0
BRF:4
BRH:2
end_of_record
TN:
SF:src/store/privacyStore.ts
FN:10,(anonymous_0)
FN:13,(anonymous_1)
FN:19,(anonymous_2)
FNF:3
FNH:3
FNDA:1,(anonymous_0)
FNDA:3,(anonymous_1)
FNDA:3,(anonymous_2)
DA:10,1
DA:14,3
DA:15,3
DA:16,3
DA:20,3
DA:21,3
LF:6
LH:6
BRDA:15,0,0,2
BRDA:15,0,1,1
BRF:2
BRH:2
end_of_record
TN:
SF:src/store/reportStore.ts
FN:19,startOfDay
FN:23,defaultRange
FN:51,(anonymous_2)
FN:58,(anonymous_3)
FN:63,(anonymous_4)
FN:64,(anonymous_5)
FN:65,(anonymous_6)
FNF:7
FNH:7
FNDA:5,startOfDay
FNDA:5,defaultRange
FNDA:1,(anonymous_2)
FNDA:5,(anonymous_3)
FNDA:3,(anonymous_4)
FNDA:3,(anonymous_5)
FNDA:1,(anonymous_6)
DA:20,5
DA:24,5
DA:25,5
DA:26,5
DA:28,2
DA:29,2
DA:32,1
DA:33,1
DA:34,1
DA:37,1
DA:38,1
DA:39,1
DA:42,1
DA:43,1
DA:44,1
DA:47,0
DA:51,1
DA:59,5
DA:60,5
DA:63,3
DA:64,3
DA:65,1
LF:22
LH:21
BRDA:26,0,0,2
BRDA:26,0,1,1
BRDA:26,0,2,1
BRDA:26,0,3,1
BRDA:26,0,4,0
BRDA:59,1,0,1
BRDA:59,1,1,4
BRDA:59,2,0,5
BRDA:59,2,1,1
BRDA:59,2,2,1
BRF:10
BRH:9
end_of_record
TN:
SF:src/store/sellingStore.ts
FN:10,(anonymous_0)
FN:12,(anonymous_1)
FNF:2
FNH:2
FNDA:1,(anonymous_0)
FNDA:3,(anonymous_1)
DA:10,1
DA:12,3
LF:2
LH:2
BRF:0
BRH:0
end_of_record
TN:
SF:src/store/themeStore.ts
FN:12,(anonymous_0)
FN:15,(anonymous_1)
FN:20,(anonymous_2)
FNF:3
FNH:3
FNDA:1,(anonymous_0)
FNDA:5,(anonymous_1)
FNDA:3,(anonymous_2)
DA:12,1
DA:16,5
DA:17,5
DA:21,3
DA:22,3
DA:23,1
LF:6
LH:6
BRDA:22,0,0,1
BRDA:22,0,1,2
BRDA:22,1,0,3
BRDA:22,1,1,3
BRDA:22,1,2,2
BRF:5
BRH:5
end_of_record
TN:
SF:src/store/toastStore.ts
FN:11,(anonymous_0)
FN:16,(anonymous_1)
FN:17,(anonymous_2)
FNF:3
FNH:3
FNDA:2,(anonymous_0)
FNDA:9,(anonymous_1)
FNDA:3,(anonymous_2)
DA:11,2
DA:16,9
DA:17,3
LF:3
LH:3
BRF:0
BRH:0
end_of_record
TN:
SF:src/store/userStore.ts
FN:16,(anonymous_0)
FN:21,(anonymous_1)
FN:26,(anonymous_2)
FN:31,(anonymous_3)
FN:36,(anonymous_4)
FN:55,(anonymous_5)
FN:68,(anonymous_6)
FNF:7
FNH:7
FNDA:1,(anonymous_0)
FNDA:1,(anonymous_1)
FNDA:1,(anonymous_2)
FNDA:1,(anonymous_3)
FNDA:3,(anonymous_4)
FNDA:2,(anonymous_5)
FNDA:2,(anonymous_6)
DA:16,1
DA:22,1
DA:23,1
DA:27,1
DA:28,1
DA:32,1
DA:33,1
DA:37,3
DA:38,3
DA:39,3
DA:40,2
DA:41,2
DA:43,3
DA:44,2
DA:45,2
DA:47,3
DA:48,2
DA:49,2
DA:51,3
DA:52,3
DA:56,2
DA:61,2
DA:69,2
DA:74,2
LF:24
LH:24
BRDA:39,0,0,2
BRDA:39,0,1,1
BRDA:43,1,0,2
BRDA:43,1,1,1
BRDA:47,2,0,2
BRDA:47,2,1,1
BRDA:62,3,0,2
BRDA:62,3,1,1
BRDA:63,4,0,2
BRDA:63,4,1,1
BRDA:64,5,0,2
BRDA:64,5,1,1
BRF:12
BRH:12
end_of_record
TN:
SF:src/utils/constants.ts
FNF:0
FNH:0
DA:1,1
DA:2,1
DA:4,1
DA:11,1
DA:23,1
LF:5
LH:5
BRF:0
BRH:0
end_of_record
TN:
SF:src/utils/featureFlags.ts
FNF:0
FNH:0
DA:5,4
DA:8,4
LF:2
LH:2
BRF:0
BRH:0
end_of_record
TN:
SF:src/utils/format.ts
FN:1,formatVnd
FN:6,formatDate
FN:15,formatDateTime
FN:26,maskPhone
FN:35,readViTens
FN:42,readViHundreds
FN:52,numberToWordsVi
FN:78,readEnBelow1000
FN:90,numberToWordsEn
FN:107,numberToWords
FN:115,getCurrencySymbol
FN:127,formatMoneyDisplay
FN:134,formatMoney
FNF:13
FNH:13
FNDA:8,formatVnd
FNDA:2,formatDate
FNDA:1,formatDateTime
FNDA:4,maskPhone
FNDA:8,readViTens
FNDA:26,readViHundreds
FNDA:25,numberToWordsVi
FNDA:11,readEnBelow1000
FNDA:11,numberToWordsEn
FNDA:36,numberToWords
FNDA:5,getCurrencySymbol
FNDA:11,formatMoneyDisplay
FNDA:3,formatMoney
DA:2,8
DA:3,5
DA:7,2
DA:8,2
DA:16,1
DA:17,1
DA:27,4
DA:28,2
DA:33,4
DA:36,8
DA:37,8
DA:38,8
DA:39,3
DA:43,26
DA:44,14
DA:45,7
DA:46,7
DA:47,7
DA:48,2
DA:49,1
DA:53,25
DA:54,23
DA:55,23
DA:56,23
DA:57,23
DA:58,23
DA:59,23
DA:60,23
DA:61,23
DA:62,23
DA:63,23
DA:64,13
DA:65,13
DA:67,23
DA:68,23
DA:71,4
DA:76,4
DA:79,11
DA:80,3
DA:81,2
DA:82,2
DA:83,2
DA:85,1
DA:86,1
DA:87,1
DA:91,11
DA:92,11
DA:93,11
DA:94,11
DA:95,11
DA:96,11
DA:97,11
DA:98,11
DA:99,11
DA:100,11
DA:101,11
DA:102,11
DA:103,11
DA:108,36
DA:113,4
DA:116,5
DA:117,2
DA:118,1
DA:119,0
DA:120,0
DA:121,1
DA:122,1
DA:128,11
DA:129,7
DA:130,7
DA:135,3
DA:136,3
DA:137,1
DA:138,1
DA:140,2
LF:75
LH:73
BRDA:2,0,0,3
BRDA:2,0,1,5
BRDA:27,1,0,2
BRDA:27,1,1,2
BRDA:38,2,0,5
BRDA:38,2,1,3
BRDA:38,3,0,2
BRDA:38,3,1,3
BRDA:38,4,0,1
BRDA:38,4,1,1
BRDA:39,5,0,2
BRDA:39,5,1,1
BRDA:39,6,0,1
BRDA:39,6,1,1
BRDA:39,7,0,1
BRDA:39,7,1,0
BRDA:43,8,0,12
BRDA:43,8,1,14
BRDA:44,9,0,7
BRDA:44,9,1,7
BRDA:47,10,0,5
BRDA:47,10,1,2
BRDA:48,11,0,1
BRDA:48,11,1,1
BRDA:53,12,0,2
BRDA:53,12,1,23
BRDA:53,13,0,25
BRDA:53,13,1,23
BRDA:60,14,0,2
BRDA:60,14,1,21
BRDA:61,15,0,5
BRDA:61,15,1,18
BRDA:62,16,0,6
BRDA:62,16,1,17
BRDA:63,17,0,13
BRDA:63,17,1,10
BRDA:64,18,0,0
BRDA:64,18,1,13
BRDA:64,19,0,13
BRDA:64,19,1,1
BRDA:79,20,0,8
BRDA:79,20,1,3
BRDA:80,21,0,2
BRDA:80,21,1,1
BRDA:83,22,0,1
BRDA:83,22,1,1
BRDA:87,23,0,0
BRDA:87,23,1,1
BRDA:91,24,0,0
BRDA:91,24,1,11
BRDA:91,25,0,11
BRDA:91,25,1,11
BRDA:98,26,0,1
BRDA:98,26,1,10
BRDA:99,27,0,1
BRDA:99,27,1,10
BRDA:100,28,0,3
BRDA:100,28,1,8
BRDA:101,29,0,6
BRDA:101,29,1,5
BRDA:108,30,0,11
BRDA:108,30,1,25
BRDA:116,31,0,2
BRDA:116,31,1,1
BRDA:116,31,2,0
BRDA:116,31,3,0
BRDA:116,31,4,1
BRDA:116,31,5,1
BRDA:128,32,0,4
BRDA:128,32,1,7
BRDA:129,33,0,1
BRDA:129,33,1,6
BRDA:129,34,0,7
BRDA:129,34,1,1
BRDA:136,35,0,1
BRDA:136,35,1,2
BRDA:136,36,0,3
BRDA:136,36,1,1
BRF:78
BRH:72
end_of_record
TN:
SF:src/utils/jwt.ts
FN:11,decodeJwt
FN:24,extractFeatures
FN:28,extractTenantId
FN:39,isTokenExpired
FN:45,msUntilExpiry
FNF:5
FNH:5
FNDA:32,decodeJwt
FNDA:10,extractFeatures
FNDA:10,extractTenantId
FNDA:4,isTokenExpired
FNDA:3,msUntilExpiry
DA:12,32
DA:13,32
DA:14,32
DA:15,28
DA:16,28
DA:17,28
DA:18,26
DA:20,2
DA:25,10
DA:29,10
DA:30,10
DA:31,9
DA:33,6
DA:34,1
DA:36,5
DA:40,4
DA:41,4
DA:42,2
DA:46,3
DA:47,3
DA:48,2
LF:21
LH:21
BRDA:14,0,0,4
BRDA:14,0,1,28
BRDA:25,1,0,10
BRDA:25,1,1,3
BRDA:30,2,0,1
BRDA:30,2,1,9
BRDA:31,3,0,3
BRDA:31,3,1,6
BRDA:33,4,0,1
BRDA:33,4,1,5
BRDA:33,5,0,6
BRDA:33,5,1,2
BRDA:33,5,2,2
BRDA:41,6,0,2
BRDA:41,6,1,2
BRDA:47,7,0,1
BRDA:47,7,1,2
BRF:17
BRH:17
end_of_record
TN:
SF:src/utils/notifications.ts
FN:7,(anonymous_0)
FN:19,requestNotificationPermission
FN:31,registerPushToken
FN:38,(anonymous_3)
FN:54,scheduleOrderReminder
FN:79,cancelAllScheduledNotifications
FNF:6
FNH:5
FNDA:0,(anonymous_0)
FNDA:8,requestNotificationPermission
FNDA:4,registerPushToken
FNDA:1,(anonymous_3)
FNDA:2,scheduleOrderReminder
FNDA:1,cancelAllScheduledNotifications
DA:6,1
DA:7,0
DA:20,8
DA:21,8
DA:22,4
DA:23,4
DA:34,4
DA:35,3
DA:36,3
DA:38,2
DA:39,2
DA:41,1
DA:42,1
DA:55,2
DA:56,2
DA:58,1
DA:59,1
DA:62,1
DA:66,1
DA:80,1
LF:20
LH:19
BRDA:21,0,0,4
BRDA:21,0,1,4
BRDA:34,1,0,1
BRDA:34,1,1,3
BRDA:36,2,0,1
BRDA:36,2,1,2
BRDA:39,3,0,1
BRDA:39,3,1,1
BRDA:41,4,0,1
BRDA:41,4,1,0
BRDA:56,5,0,1
BRDA:56,5,1,1
BRDA:59,6,0,1
BRDA:59,6,1,0
BRDA:62,7,0,1
BRDA:62,7,1,0
BRF:16
BRH:13
end_of_record
